[01-Dec-2018 11:58:43 UTC] PHP Warning:  require_once(core/functions.php): failed to open stream: No such file or directory in /home/ubuntu/workspace/pages/teste.php on line 2
[01-Dec-2018 11:58:43 UTC] PHP Stack trace:
[01-Dec-2018 11:58:43 UTC] PHP   1. {main}() /home/ubuntu/workspace/pages/teste.php:0
[01-Dec-2018 11:58:43 UTC] PHP Fatal error:  require_once(): Failed opening required 'core/functions.php' (include_path='.:/usr/share/php:/usr/share/pear') in /home/ubuntu/workspace/pages/teste.php on line 2
[01-Dec-2018 11:58:43 UTC] PHP Stack trace:
[01-Dec-2018 11:58:43 UTC] PHP   1. {main}() /home/ubuntu/workspace/pages/teste.php:0
[01-Dec-2018 13:40:47 UTC] PHP Warning:  file_get_contents(https://api.steampowered.com/ISteamUserStats/GetUserStatsForGame/v2/?appid=730&key=2F2E73F9FD52FFCC1FD91853A1C90980&steamid=76561198199006190&format=JSON): failed to open stream: HTTP request failed! HTTP/1.0 500 Internal Server Error
 in /home/ubuntu/workspace/core/steamfunctions.php on line 100
[01-Dec-2018 13:40:47 UTC] PHP Stack trace:
[01-Dec-2018 13:40:47 UTC] PHP   1. {main}() /home/ubuntu/workspace/core/steamfunctions.php:0
[01-Dec-2018 13:40:47 UTC] PHP   2. getall() /home/ubuntu/workspace/core/steamfunctions.php:113
[01-Dec-2018 13:40:47 UTC] PHP   3. file_get_contents() /home/ubuntu/workspace/core/steamfunctions.php:100
[01-Dec-2018 13:41:25 UTC] PHP Warning:  file_get_contents(https://api.steampowered.com/ISteamUserStats/GetUserStatsForGame/v2/?appid=730&key=2F2E73F9FD52FFCC1FD91853A1C90980&steamid=76561198199006190&format=JSON): failed to open stream: HTTP request failed! HTTP/1.0 500 Internal Server Error
 in /home/ubuntu/workspace/core/steamfunctions.php on line 100
[01-Dec-2018 13:41:25 UTC] PHP Stack trace:
[01-Dec-2018 13:41:25 UTC] PHP   1. {main}() /home/ubuntu/workspace/core/steamfunctions.php:0
[01-Dec-2018 13:41:25 UTC] PHP   2. getall() /home/ubuntu/workspace/core/steamfunctions.php:105
[01-Dec-2018 13:41:25 UTC] PHP   3. file_get_contents() /home/ubuntu/workspace/core/steamfunctions.php:100
[01-Dec-2018 13:41:27 UTC] PHP Warning:  file_get_contents(https://api.steampowered.com/ISteamUserStats/GetUserStatsForGame/v2/?appid=730&key=2F2E73F9FD52FFCC1FD91853A1C90980&steamid=76561198199006190&format=JSON): failed to open stream: HTTP request failed! HTTP/1.0 500 Internal Server Error
 in /home/ubuntu/workspace/core/steamfunctions.php on line 100
[01-Dec-2018 13:41:27 UTC] PHP Stack trace:
[01-Dec-2018 13:41:27 UTC] PHP   1. {main}() /home/ubuntu/workspace/core/steamfunctions.php:0
[01-Dec-2018 13:41:27 UTC] PHP   2. getall() /home/ubuntu/workspace/core/steamfunctions.php:105
[01-Dec-2018 13:41:27 UTC] PHP   3. file_get_contents() /home/ubuntu/workspace/core/steamfunctions.php:100
[01-Dec-2018 13:41:29 UTC] PHP Warning:  file_get_contents(https://api.steampowered.com/ISteamUserStats/GetUserStatsForGame/v2/?appid=730&key=2F2E73F9FD52FFCC1FD91853A1C90980&steamid=76561198199006190&format=JSON): failed to open stream: HTTP request failed! HTTP/1.0 500 Internal Server Error
 in /home/ubuntu/workspace/core/steamfunctions.php on line 100
[01-Dec-2018 13:41:29 UTC] PHP Stack trace:
[01-Dec-2018 13:41:29 UTC] PHP   1. {main}() /home/ubuntu/workspace/core/steamfunctions.php:0
[01-Dec-2018 13:41:29 UTC] PHP   2. getall() /home/ubuntu/workspace/core/steamfunctions.php:105
[01-Dec-2018 13:41:29 UTC] PHP   3. file_get_contents() /home/ubuntu/workspace/core/steamfunctions.php:100
[01-Dec-2018 13:42:18 UTC] PHP Warning:  file_get_contents(https://api.steampowered.com/ISteamUserStats/GetUserStatsForGame/v2/?appid=730&key=2F2E73F9FD52FFCC1FD91853A1C90980&steamid=76561198199006190&format=JSON): failed to open stream: HTTP request failed! HTTP/1.0 500 Internal Server Error
 in /home/ubuntu/workspace/core/steamfunctions.php on line 100
[01-Dec-2018 13:42:18 UTC] PHP Stack trace:
[01-Dec-2018 13:42:18 UTC] PHP   1. {main}() /home/ubuntu/workspace/core/steamfunctions.php:0
[01-Dec-2018 13:42:18 UTC] PHP   2. getall() /home/ubuntu/workspace/core/steamfunctions.php:105
[01-Dec-2018 13:42:18 UTC] PHP   3. file_get_contents() /home/ubuntu/workspace/core/steamfunctions.php:100
[01-Dec-2018 13:43:28 UTC] PHP Warning:  file_get_contents(https://api.steampowered.com/ISteamUserStats/GetUserStatsForGame/v2/?appid=730&key=2F2E73F9FD52FFCC1FD91853A1C90980&steamid=76561198199006190&format=JSON): failed to open stream: HTTP request failed! HTTP/1.0 500 Internal Server Error
 in /home/ubuntu/workspace/core/steamfunctions.php on line 100
[01-Dec-2018 13:43:28 UTC] PHP Stack trace:
[01-Dec-2018 13:43:28 UTC] PHP   1. {main}() /home/ubuntu/workspace/core/steamfunctions.php:0
[01-Dec-2018 13:43:28 UTC] PHP   2. getall() /home/ubuntu/workspace/core/steamfunctions.php:115
[01-Dec-2018 13:43:28 UTC] PHP   3. file_get_contents() /home/ubuntu/workspace/core/steamfunctions.php:100
[05-Dec-2018 20:43:45 UTC] PHP Parse error:  syntax error, unexpected '$playtime' (T_VARIABLE), expecting function (T_FUNCTION) in /home/ubuntu/workspace/core/infos.php on line 11
[05-Dec-2018 20:46:27 UTC] PHP Warning:  Creating default object from empty value in /home/ubuntu/workspace/core/infos.php on line 42
[05-Dec-2018 20:46:27 UTC] PHP Stack trace:
[05-Dec-2018 20:46:27 UTC] PHP   1. {main}() /home/ubuntu/workspace/core/infos.php:0
[05-Dec-2018 20:46:27 UTC] PHP   2. getinfo() /home/ubuntu/workspace/core/infos.php:80
[05-Dec-2018 20:46:27 UTC] PHP Fatal error:  Cannot access empty property in /home/ubuntu/workspace/core/infos.php on line 42
[05-Dec-2018 20:46:27 UTC] PHP Stack trace:
[05-Dec-2018 20:46:27 UTC] PHP   1. {main}() /home/ubuntu/workspace/core/infos.php:0
[05-Dec-2018 20:46:27 UTC] PHP   2. getinfo() /home/ubuntu/workspace/core/infos.php:80
[05-Dec-2018 20:46:42 UTC] PHP Warning:  Creating default object from empty value in /home/ubuntu/workspace/core/infos.php on line 37
[05-Dec-2018 20:46:42 UTC] PHP Stack trace:
[05-Dec-2018 20:46:42 UTC] PHP   1. {main}() /home/ubuntu/workspace/core/infos.php:0
[05-Dec-2018 20:46:42 UTC] PHP   2. getinfo() /home/ubuntu/workspace/core/infos.php:75
[05-Dec-2018 20:46:42 UTC] PHP Fatal error:  Cannot access empty property in /home/ubuntu/workspace/core/infos.php on line 37
[05-Dec-2018 20:46:42 UTC] PHP Stack trace:
[05-Dec-2018 20:46:42 UTC] PHP   1. {main}() /home/ubuntu/workspace/core/infos.php:0
[05-Dec-2018 20:46:42 UTC] PHP   2. getinfo() /home/ubuntu/workspace/core/infos.php:75
[05-Dec-2018 20:47:26 UTC] PHP Warning:  Creating default object from empty value in /home/ubuntu/workspace/core/infos.php on line 37
[05-Dec-2018 20:47:26 UTC] PHP Stack trace:
[05-Dec-2018 20:47:26 UTC] PHP   1. {main}() /home/ubuntu/workspace/core/infos.php:0
[05-Dec-2018 20:47:26 UTC] PHP   2. getinfo() /home/ubuntu/workspace/core/infos.php:75
[05-Dec-2018 20:47:26 UTC] PHP Warning:  Division by zero in /home/ubuntu/workspace/core/infos.php on line 58
[05-Dec-2018 20:47:26 UTC] PHP Stack trace:
[05-Dec-2018 20:47:26 UTC] PHP   1. {main}() /home/ubuntu/workspace/core/infos.php:0
[05-Dec-2018 20:47:26 UTC] PHP   2. getinfo() /home/ubuntu/workspace/core/infos.php:75
[05-Dec-2018 20:47:26 UTC] PHP Warning:  Division by zero in /home/ubuntu/workspace/core/infos.php on line 64
[05-Dec-2018 20:47:26 UTC] PHP Stack trace:
[05-Dec-2018 20:47:26 UTC] PHP   1. {main}() /home/ubuntu/workspace/core/infos.php:0
[05-Dec-2018 20:47:26 UTC] PHP   2. getinfo() /home/ubuntu/workspace/core/infos.php:75
[05-Dec-2018 20:47:26 UTC] PHP Warning:  Division by zero in /home/ubuntu/workspace/core/infos.php on line 70
[05-Dec-2018 20:47:26 UTC] PHP Stack trace:
[05-Dec-2018 20:47:26 UTC] PHP   1. {main}() /home/ubuntu/workspace/core/infos.php:0
[05-Dec-2018 20:47:26 UTC] PHP   2. getinfo() /home/ubuntu/workspace/core/infos.php:75
[05-Dec-2018 20:47:59 UTC] PHP Warning:  Creating default object from empty value in /home/ubuntu/workspace/core/infos.php on line 44
[05-Dec-2018 20:47:59 UTC] PHP Stack trace:
[05-Dec-2018 20:47:59 UTC] PHP   1. {main}() /home/ubuntu/workspace/core/infos.php:0
[05-Dec-2018 20:47:59 UTC] PHP   2. getinfo() /home/ubuntu/workspace/core/infos.php:82
[05-Dec-2018 20:47:59 UTC] PHP Warning:  Division by zero in /home/ubuntu/workspace/core/infos.php on line 65
[05-Dec-2018 20:47:59 UTC] PHP Stack trace:
[05-Dec-2018 20:47:59 UTC] PHP   1. {main}() /home/ubuntu/workspace/core/infos.php:0
[05-Dec-2018 20:47:59 UTC] PHP   2. getinfo() /home/ubuntu/workspace/core/infos.php:82
[05-Dec-2018 20:47:59 UTC] PHP Warning:  Division by zero in /home/ubuntu/workspace/core/infos.php on line 71
[05-Dec-2018 20:47:59 UTC] PHP Stack trace:
[05-Dec-2018 20:47:59 UTC] PHP   1. {main}() /home/ubuntu/workspace/core/infos.php:0
[05-Dec-2018 20:47:59 UTC] PHP   2. getinfo() /home/ubuntu/workspace/core/infos.php:82
[05-Dec-2018 20:47:59 UTC] PHP Warning:  Division by zero in /home/ubuntu/workspace/core/infos.php on line 77
[05-Dec-2018 20:47:59 UTC] PHP Stack trace:
[05-Dec-2018 20:47:59 UTC] PHP   1. {main}() /home/ubuntu/workspace/core/infos.php:0
[05-Dec-2018 20:47:59 UTC] PHP   2. getinfo() /home/ubuntu/workspace/core/infos.php:82
[05-Dec-2018 20:48:37 UTC] PHP Warning:  Creating default object from empty value in /home/ubuntu/workspace/core/infos.php on line 44
[05-Dec-2018 20:48:37 UTC] PHP Stack trace:
[05-Dec-2018 20:48:37 UTC] PHP   1. {main}() /home/ubuntu/workspace/core/infos.php:0
[05-Dec-2018 20:48:37 UTC] PHP   2. getinfo() /home/ubuntu/workspace/core/infos.php:82
[05-Dec-2018 20:48:37 UTC] PHP Warning:  Division by zero in /home/ubuntu/workspace/core/infos.php on line 65
[05-Dec-2018 20:48:37 UTC] PHP Stack trace:
[05-Dec-2018 20:48:37 UTC] PHP   1. {main}() /home/ubuntu/workspace/core/infos.php:0
[05-Dec-2018 20:48:37 UTC] PHP   2. getinfo() /home/ubuntu/workspace/core/infos.php:82
[05-Dec-2018 20:48:37 UTC] PHP Warning:  Division by zero in /home/ubuntu/workspace/core/infos.php on line 71
[05-Dec-2018 20:48:37 UTC] PHP Stack trace:
[05-Dec-2018 20:48:37 UTC] PHP   1. {main}() /home/ubuntu/workspace/core/infos.php:0
[05-Dec-2018 20:48:37 UTC] PHP   2. getinfo() /home/ubuntu/workspace/core/infos.php:82
[05-Dec-2018 20:48:37 UTC] PHP Warning:  Division by zero in /home/ubuntu/workspace/core/infos.php on line 77
[05-Dec-2018 20:48:37 UTC] PHP Stack trace:
[05-Dec-2018 20:48:37 UTC] PHP   1. {main}() /home/ubuntu/workspace/core/infos.php:0
[05-Dec-2018 20:48:37 UTC] PHP   2. getinfo() /home/ubuntu/workspace/core/infos.php:82
[05-Dec-2018 20:48:51 UTC] PHP Warning:  Creating default object from empty value in /home/ubuntu/workspace/core/infos.php on line 39
[05-Dec-2018 20:48:51 UTC] PHP Stack trace:
[05-Dec-2018 20:48:51 UTC] PHP   1. {main}() /home/ubuntu/workspace/core/infos.php:0
[05-Dec-2018 20:48:51 UTC] PHP   2. getinfo() /home/ubuntu/workspace/core/infos.php:77
[05-Dec-2018 20:48:51 UTC] PHP Warning:  Division by zero in /home/ubuntu/workspace/core/infos.php on line 60
[05-Dec-2018 20:48:51 UTC] PHP Stack trace:
[05-Dec-2018 20:48:51 UTC] PHP   1. {main}() /home/ubuntu/workspace/core/infos.php:0
[05-Dec-2018 20:48:51 UTC] PHP   2. getinfo() /home/ubuntu/workspace/core/infos.php:77
[05-Dec-2018 20:48:51 UTC] PHP Warning:  Division by zero in /home/ubuntu/workspace/core/infos.php on line 66
[05-Dec-2018 20:48:51 UTC] PHP Stack trace:
[05-Dec-2018 20:48:51 UTC] PHP   1. {main}() /home/ubuntu/workspace/core/infos.php:0
[05-Dec-2018 20:48:51 UTC] PHP   2. getinfo() /home/ubuntu/workspace/core/infos.php:77
[05-Dec-2018 20:48:51 UTC] PHP Warning:  Division by zero in /home/ubuntu/workspace/core/infos.php on line 72
[05-Dec-2018 20:48:51 UTC] PHP Stack trace:
[05-Dec-2018 20:48:51 UTC] PHP   1. {main}() /home/ubuntu/workspace/core/infos.php:0
[05-Dec-2018 20:48:51 UTC] PHP   2. getinfo() /home/ubuntu/workspace/core/infos.php:77
[05-Dec-2018 20:50:08 UTC] PHP Warning:  file_get_contents(https://api.steampowered.com/ISteamUserStats/GetUserStatsForGame/v2/?appid=730&key=2F2E73F9FD52FFCC1FD91853A1C90980&steamid=&format=JSON): failed to open stream: HTTP request failed! HTTP/1.0 400 Bad Request
 in /home/ubuntu/workspace/core/infos.php on line 33
[05-Dec-2018 20:50:08 UTC] PHP Stack trace:
[05-Dec-2018 20:50:08 UTC] PHP   1. {main}() /home/ubuntu/workspace/core/infos.php:0
[05-Dec-2018 20:50:08 UTC] PHP   2. getinfo() /home/ubuntu/workspace/core/infos.php:77
[05-Dec-2018 20:50:08 UTC] PHP   3. file_get_contents() /home/ubuntu/workspace/core/infos.php:33
[05-Dec-2018 20:50:08 UTC] PHP Warning:  file_get_contents(https://api.steampowered.com/ISteamUserStats/GetUserStatsForGame/v1/?appid=730&key=2F2E73F9FD52FFCC1FD91853A1C90980&steamid=&format=JSON): failed to open stream: HTTP request failed! HTTP/1.0 400 Bad Request
 in /home/ubuntu/workspace/core/infos.php on line 36
[05-Dec-2018 20:50:08 UTC] PHP Stack trace:
[05-Dec-2018 20:50:08 UTC] PHP   1. {main}() /home/ubuntu/workspace/core/infos.php:0
[05-Dec-2018 20:50:08 UTC] PHP   2. getinfo() /home/ubuntu/workspace/core/infos.php:77
[05-Dec-2018 20:50:08 UTC] PHP   3. file_get_contents() /home/ubuntu/workspace/core/infos.php:36
[05-Dec-2018 20:50:08 UTC] PHP Warning:  Creating default object from empty value in /home/ubuntu/workspace/core/infos.php on line 39
[05-Dec-2018 20:50:08 UTC] PHP Stack trace:
[05-Dec-2018 20:50:08 UTC] PHP   1. {main}() /home/ubuntu/workspace/core/infos.php:0
[05-Dec-2018 20:50:08 UTC] PHP   2. getinfo() /home/ubuntu/workspace/core/infos.php:77
[05-Dec-2018 20:50:08 UTC] PHP Warning:  Division by zero in /home/ubuntu/workspace/core/infos.php on line 60
[05-Dec-2018 20:50:08 UTC] PHP Stack trace:
[05-Dec-2018 20:50:08 UTC] PHP   1. {main}() /home/ubuntu/workspace/core/infos.php:0
[05-Dec-2018 20:50:08 UTC] PHP   2. getinfo() /home/ubuntu/workspace/core/infos.php:77
[05-Dec-2018 20:50:08 UTC] PHP Warning:  Division by zero in /home/ubuntu/workspace/core/infos.php on line 66
[05-Dec-2018 20:50:08 UTC] PHP Stack trace:
[05-Dec-2018 20:50:08 UTC] PHP   1. {main}() /home/ubuntu/workspace/core/infos.php:0
[05-Dec-2018 20:50:08 UTC] PHP   2. getinfo() /home/ubuntu/workspace/core/infos.php:77
[05-Dec-2018 20:50:08 UTC] PHP Warning:  Division by zero in /home/ubuntu/workspace/core/infos.php on line 72
[05-Dec-2018 20:50:08 UTC] PHP Stack trace:
[05-Dec-2018 20:50:08 UTC] PHP   1. {main}() /home/ubuntu/workspace/core/infos.php:0
[05-Dec-2018 20:50:08 UTC] PHP   2. getinfo() /home/ubuntu/workspace/core/infos.php:77
[05-Dec-2018 20:53:10 UTC] PHP Warning:  file_get_contents(https://api.steampowered.com/ISteamUserStats/GetUserStatsForGame/v2/?appid=730&key=2F2E73F9FD52FFCC1FD91853A1C90980&steamid=&format=JSON): failed to open stream: HTTP request failed! HTTP/1.0 400 Bad Request
 in /home/ubuntu/workspace/core/infos.php on line 33
[05-Dec-2018 20:53:10 UTC] PHP Stack trace:
[05-Dec-2018 20:53:10 UTC] PHP   1. {main}() /home/ubuntu/workspace/core/infos.php:0
[05-Dec-2018 20:53:10 UTC] PHP   2. getinfo() /home/ubuntu/workspace/core/infos.php:77
[05-Dec-2018 20:53:10 UTC] PHP   3. file_get_contents() /home/ubuntu/workspace/core/infos.php:33
[05-Dec-2018 20:53:10 UTC] PHP Warning:  file_get_contents(https://api.steampowered.com/ISteamUserStats/GetUserStatsForGame/v1/?appid=730&key=2F2E73F9FD52FFCC1FD91853A1C90980&steamid=&format=JSON): failed to open stream: HTTP request failed! HTTP/1.0 400 Bad Request
 in /home/ubuntu/workspace/core/infos.php on line 36
[05-Dec-2018 20:53:10 UTC] PHP Stack trace:
[05-Dec-2018 20:53:10 UTC] PHP   1. {main}() /home/ubuntu/workspace/core/infos.php:0
[05-Dec-2018 20:53:10 UTC] PHP   2. getinfo() /home/ubuntu/workspace/core/infos.php:77
[05-Dec-2018 20:53:10 UTC] PHP   3. file_get_contents() /home/ubuntu/workspace/core/infos.php:36
[05-Dec-2018 20:53:10 UTC] PHP Warning:  Creating default object from empty value in /home/ubuntu/workspace/core/infos.php on line 39
[05-Dec-2018 20:53:10 UTC] PHP Stack trace:
[05-Dec-2018 20:53:10 UTC] PHP   1. {main}() /home/ubuntu/workspace/core/infos.php:0
[05-Dec-2018 20:53:10 UTC] PHP   2. getinfo() /home/ubuntu/workspace/core/infos.php:77
[05-Dec-2018 20:53:10 UTC] PHP Warning:  Division by zero in /home/ubuntu/workspace/core/infos.php on line 60
[05-Dec-2018 20:53:10 UTC] PHP Stack trace:
[05-Dec-2018 20:53:10 UTC] PHP   1. {main}() /home/ubuntu/workspace/core/infos.php:0
[05-Dec-2018 20:53:10 UTC] PHP   2. getinfo() /home/ubuntu/workspace/core/infos.php:77
[05-Dec-2018 20:53:10 UTC] PHP Warning:  Division by zero in /home/ubuntu/workspace/core/infos.php on line 66
[05-Dec-2018 20:53:10 UTC] PHP Stack trace:
[05-Dec-2018 20:53:10 UTC] PHP   1. {main}() /home/ubuntu/workspace/core/infos.php:0
[05-Dec-2018 20:53:10 UTC] PHP   2. getinfo() /home/ubuntu/workspace/core/infos.php:77
[05-Dec-2018 20:53:10 UTC] PHP Warning:  Division by zero in /home/ubuntu/workspace/core/infos.php on line 72
[05-Dec-2018 20:53:10 UTC] PHP Stack trace:
[05-Dec-2018 20:53:10 UTC] PHP   1. {main}() /home/ubuntu/workspace/core/infos.php:0
[05-Dec-2018 20:53:10 UTC] PHP   2. getinfo() /home/ubuntu/workspace/core/infos.php:77
[05-Dec-2018 20:54:01 UTC] PHP Warning:  file_get_contents(https://api.steampowered.com/ISteamUserStats/GetUserStatsForGame/v2/?appid=730&key=2F2E73F9FD52FFCC1FD91853A1C90980&steamid=&format=JSON): failed to open stream: HTTP request failed! HTTP/1.0 400 Bad Request
 in /home/ubuntu/workspace/core/infos.php on line 34
[05-Dec-2018 20:54:01 UTC] PHP Stack trace:
[05-Dec-2018 20:54:01 UTC] PHP   1. {main}() /home/ubuntu/workspace/core/infos.php:0
[05-Dec-2018 20:54:01 UTC] PHP   2. getinfo() /home/ubuntu/workspace/core/infos.php:78
[05-Dec-2018 20:54:01 UTC] PHP   3. file_get_contents() /home/ubuntu/workspace/core/infos.php:34
[05-Dec-2018 20:54:02 UTC] PHP Warning:  file_get_contents(https://api.steampowered.com/ISteamUserStats/GetUserStatsForGame/v1/?appid=730&key=2F2E73F9FD52FFCC1FD91853A1C90980&steamid=&format=JSON): failed to open stream: HTTP request failed! HTTP/1.0 400 Bad Request
 in /home/ubuntu/workspace/core/infos.php on line 37
[05-Dec-2018 20:54:02 UTC] PHP Stack trace:
[05-Dec-2018 20:54:02 UTC] PHP   1. {main}() /home/ubuntu/workspace/core/infos.php:0
[05-Dec-2018 20:54:02 UTC] PHP   2. getinfo() /home/ubuntu/workspace/core/infos.php:78
[05-Dec-2018 20:54:02 UTC] PHP   3. file_get_contents() /home/ubuntu/workspace/core/infos.php:37
[05-Dec-2018 20:54:02 UTC] PHP Warning:  Creating default object from empty value in /home/ubuntu/workspace/core/infos.php on line 40
[05-Dec-2018 20:54:02 UTC] PHP Stack trace:
[05-Dec-2018 20:54:02 UTC] PHP   1. {main}() /home/ubuntu/workspace/core/infos.php:0
[05-Dec-2018 20:54:02 UTC] PHP   2. getinfo() /home/ubuntu/workspace/core/infos.php:78
[05-Dec-2018 20:54:02 UTC] PHP Warning:  Division by zero in /home/ubuntu/workspace/core/infos.php on line 61
[05-Dec-2018 20:54:02 UTC] PHP Stack trace:
[05-Dec-2018 20:54:02 UTC] PHP   1. {main}() /home/ubuntu/workspace/core/infos.php:0
[05-Dec-2018 20:54:02 UTC] PHP   2. getinfo() /home/ubuntu/workspace/core/infos.php:78
[05-Dec-2018 20:54:02 UTC] PHP Warning:  Division by zero in /home/ubuntu/workspace/core/infos.php on line 67
[05-Dec-2018 20:54:02 UTC] PHP Stack trace:
[05-Dec-2018 20:54:02 UTC] PHP   1. {main}() /home/ubuntu/workspace/core/infos.php:0
[05-Dec-2018 20:54:02 UTC] PHP   2. getinfo() /home/ubuntu/workspace/core/infos.php:78
[05-Dec-2018 20:54:02 UTC] PHP Warning:  Division by zero in /home/ubuntu/workspace/core/infos.php on line 73
[05-Dec-2018 20:54:02 UTC] PHP Stack trace:
[05-Dec-2018 20:54:02 UTC] PHP   1. {main}() /home/ubuntu/workspace/core/infos.php:0
[05-Dec-2018 20:54:02 UTC] PHP   2. getinfo() /home/ubuntu/workspace/core/infos.php:78
[05-Dec-2018 20:54:46 UTC] PHP Warning:  file_get_contents(https://api.steampowered.com/ISteamUserStats/GetUserStatsForGame/v2/?appid=730&key=2F2E73F9FD52FFCC1FD91853A1C90980&steamid=&format=JSON): failed to open stream: HTTP request failed! HTTP/1.0 400 Bad Request
 in /home/ubuntu/workspace/core/infos.php on line 34
[05-Dec-2018 20:54:46 UTC] PHP Stack trace:
[05-Dec-2018 20:54:46 UTC] PHP   1. {main}() /home/ubuntu/workspace/core/infos.php:0
[05-Dec-2018 20:54:46 UTC] PHP   2. getinfo() /home/ubuntu/workspace/core/infos.php:78
[05-Dec-2018 20:54:46 UTC] PHP   3. file_get_contents() /home/ubuntu/workspace/core/infos.php:34
[05-Dec-2018 20:54:47 UTC] PHP Warning:  file_get_contents(https://api.steampowered.com/ISteamUserStats/GetUserStatsForGame/v1/?appid=730&key=2F2E73F9FD52FFCC1FD91853A1C90980&steamid=&format=JSON): failed to open stream: HTTP request failed! HTTP/1.0 400 Bad Request
 in /home/ubuntu/workspace/core/infos.php on line 37
[05-Dec-2018 20:54:47 UTC] PHP Stack trace:
[05-Dec-2018 20:54:47 UTC] PHP   1. {main}() /home/ubuntu/workspace/core/infos.php:0
[05-Dec-2018 20:54:47 UTC] PHP   2. getinfo() /home/ubuntu/workspace/core/infos.php:78
[05-Dec-2018 20:54:47 UTC] PHP   3. file_get_contents() /home/ubuntu/workspace/core/infos.php:37
[05-Dec-2018 20:54:47 UTC] PHP Warning:  Creating default object from empty value in /home/ubuntu/workspace/core/infos.php on line 40
[05-Dec-2018 20:54:47 UTC] PHP Stack trace:
[05-Dec-2018 20:54:47 UTC] PHP   1. {main}() /home/ubuntu/workspace/core/infos.php:0
[05-Dec-2018 20:54:47 UTC] PHP   2. getinfo() /home/ubuntu/workspace/core/infos.php:78
[05-Dec-2018 20:54:47 UTC] PHP Warning:  Division by zero in /home/ubuntu/workspace/core/infos.php on line 61
[05-Dec-2018 20:54:47 UTC] PHP Stack trace:
[05-Dec-2018 20:54:47 UTC] PHP   1. {main}() /home/ubuntu/workspace/core/infos.php:0
[05-Dec-2018 20:54:47 UTC] PHP   2. getinfo() /home/ubuntu/workspace/core/infos.php:78
[05-Dec-2018 20:54:47 UTC] PHP Warning:  Division by zero in /home/ubuntu/workspace/core/infos.php on line 67
[05-Dec-2018 20:54:47 UTC] PHP Stack trace:
[05-Dec-2018 20:54:47 UTC] PHP   1. {main}() /home/ubuntu/workspace/core/infos.php:0
[05-Dec-2018 20:54:47 UTC] PHP   2. getinfo() /home/ubuntu/workspace/core/infos.php:78
[05-Dec-2018 20:54:47 UTC] PHP Warning:  Division by zero in /home/ubuntu/workspace/core/infos.php on line 73
[05-Dec-2018 20:54:47 UTC] PHP Stack trace:
[05-Dec-2018 20:54:47 UTC] PHP   1. {main}() /home/ubuntu/workspace/core/infos.php:0
[05-Dec-2018 20:54:47 UTC] PHP   2. getinfo() /home/ubuntu/workspace/core/infos.php:78
[05-Dec-2018 20:55:13 UTC] PHP Warning:  Creating default object from empty value in /home/ubuntu/workspace/core/infos.php on line 43
[05-Dec-2018 20:55:13 UTC] PHP Stack trace:
[05-Dec-2018 20:55:13 UTC] PHP   1. {main}() /home/ubuntu/workspace/core/infos.php:0
[05-Dec-2018 20:55:13 UTC] PHP   2. getinfo() /home/ubuntu/workspace/core/infos.php:81
[05-Dec-2018 20:55:13 UTC] PHP Warning:  Division by zero in /home/ubuntu/workspace/core/infos.php on line 64
[05-Dec-2018 20:55:13 UTC] PHP Stack trace:
[05-Dec-2018 20:55:13 UTC] PHP   1. {main}() /home/ubuntu/workspace/core/infos.php:0
[05-Dec-2018 20:55:13 UTC] PHP   2. getinfo() /home/ubuntu/workspace/core/infos.php:81
[05-Dec-2018 20:55:13 UTC] PHP Warning:  Division by zero in /home/ubuntu/workspace/core/infos.php on line 70
[05-Dec-2018 20:55:13 UTC] PHP Stack trace:
[05-Dec-2018 20:55:13 UTC] PHP   1. {main}() /home/ubuntu/workspace/core/infos.php:0
[05-Dec-2018 20:55:13 UTC] PHP   2. getinfo() /home/ubuntu/workspace/core/infos.php:81
[05-Dec-2018 20:55:13 UTC] PHP Warning:  Division by zero in /home/ubuntu/workspace/core/infos.php on line 76
[05-Dec-2018 20:55:13 UTC] PHP Stack trace:
[05-Dec-2018 20:55:13 UTC] PHP   1. {main}() /home/ubuntu/workspace/core/infos.php:0
[05-Dec-2018 20:55:13 UTC] PHP   2. getinfo() /home/ubuntu/workspace/core/infos.php:81
[05-Dec-2018 20:55:31 UTC] PHP Warning:  file_get_contents(https://api.steampowered.com/ISteamUserStats/GetUserStatsForGame/v2/?appid=730&key=2F2E73F9FD52FFCC1FD91853A1C90980&steamid=&format=JSON): failed to open stream: HTTP request failed! HTTP/1.0 400 Bad Request
 in /home/ubuntu/workspace/core/infos.php on line 35
[05-Dec-2018 20:55:31 UTC] PHP Stack trace:
[05-Dec-2018 20:55:31 UTC] PHP   1. {main}() /home/ubuntu/workspace/core/infos.php:0
[05-Dec-2018 20:55:31 UTC] PHP   2. getinfo() /home/ubuntu/workspace/core/infos.php:79
[05-Dec-2018 20:55:31 UTC] PHP   3. file_get_contents() /home/ubuntu/workspace/core/infos.php:35
[05-Dec-2018 20:55:31 UTC] PHP Warning:  file_get_contents(https://api.steampowered.com/ISteamUserStats/GetUserStatsForGame/v1/?appid=730&key=2F2E73F9FD52FFCC1FD91853A1C90980&steamid=&format=JSON): failed to open stream: HTTP request failed! HTTP/1.0 400 Bad Request
 in /home/ubuntu/workspace/core/infos.php on line 38
[05-Dec-2018 20:55:31 UTC] PHP Stack trace:
[05-Dec-2018 20:55:31 UTC] PHP   1. {main}() /home/ubuntu/workspace/core/infos.php:0
[05-Dec-2018 20:55:31 UTC] PHP   2. getinfo() /home/ubuntu/workspace/core/infos.php:79
[05-Dec-2018 20:55:31 UTC] PHP   3. file_get_contents() /home/ubuntu/workspace/core/infos.php:38
[05-Dec-2018 20:55:31 UTC] PHP Warning:  Creating default object from empty value in /home/ubuntu/workspace/core/infos.php on line 41
[05-Dec-2018 20:55:31 UTC] PHP Stack trace:
[05-Dec-2018 20:55:31 UTC] PHP   1. {main}() /home/ubuntu/workspace/core/infos.php:0
[05-Dec-2018 20:55:31 UTC] PHP   2. getinfo() /home/ubuntu/workspace/core/infos.php:79
[05-Dec-2018 20:55:31 UTC] PHP Warning:  Division by zero in /home/ubuntu/workspace/core/infos.php on line 62
[05-Dec-2018 20:55:31 UTC] PHP Stack trace:
[05-Dec-2018 20:55:31 UTC] PHP   1. {main}() /home/ubuntu/workspace/core/infos.php:0
[05-Dec-2018 20:55:31 UTC] PHP   2. getinfo() /home/ubuntu/workspace/core/infos.php:79
[05-Dec-2018 20:55:31 UTC] PHP Warning:  Division by zero in /home/ubuntu/workspace/core/infos.php on line 68
[05-Dec-2018 20:55:31 UTC] PHP Stack trace:
[05-Dec-2018 20:55:31 UTC] PHP   1. {main}() /home/ubuntu/workspace/core/infos.php:0
[05-Dec-2018 20:55:31 UTC] PHP   2. getinfo() /home/ubuntu/workspace/core/infos.php:79
[05-Dec-2018 20:55:31 UTC] PHP Warning:  Division by zero in /home/ubuntu/workspace/core/infos.php on line 74
[05-Dec-2018 20:55:31 UTC] PHP Stack trace:
[05-Dec-2018 20:55:31 UTC] PHP   1. {main}() /home/ubuntu/workspace/core/infos.php:0
[05-Dec-2018 20:55:31 UTC] PHP   2. getinfo() /home/ubuntu/workspace/core/infos.php:79
[05-Dec-2018 20:55:49 UTC] PHP Warning:  file_get_contents(https://api.steampowered.com/ISteamUserStats/GetUserStatsForGame/v2/?appid=730&key=2F2E73F9FD52FFCC1FD91853A1C90980&steamid=&format=JSON): failed to open stream: HTTP request failed! HTTP/1.0 400 Bad Request
 in /home/ubuntu/workspace/core/infos.php on line 32
[05-Dec-2018 20:55:49 UTC] PHP Stack trace:
[05-Dec-2018 20:55:49 UTC] PHP   1. {main}() /home/ubuntu/workspace/core/infos.php:0
[05-Dec-2018 20:55:49 UTC] PHP   2. getinfo() /home/ubuntu/workspace/core/infos.php:76
[05-Dec-2018 20:55:49 UTC] PHP   3. file_get_contents() /home/ubuntu/workspace/core/infos.php:32
[05-Dec-2018 20:55:50 UTC] PHP Warning:  file_get_contents(https://api.steampowered.com/ISteamUserStats/GetUserStatsForGame/v1/?appid=730&key=2F2E73F9FD52FFCC1FD91853A1C90980&steamid=&format=JSON): failed to open stream: HTTP request failed! HTTP/1.0 400 Bad Request
 in /home/ubuntu/workspace/core/infos.php on line 35
[05-Dec-2018 20:55:50 UTC] PHP Stack trace:
[05-Dec-2018 20:55:50 UTC] PHP   1. {main}() /home/ubuntu/workspace/core/infos.php:0
[05-Dec-2018 20:55:50 UTC] PHP   2. getinfo() /home/ubuntu/workspace/core/infos.php:76
[05-Dec-2018 20:55:50 UTC] PHP   3. file_get_contents() /home/ubuntu/workspace/core/infos.php:35
[05-Dec-2018 20:55:50 UTC] PHP Warning:  Creating default object from empty value in /home/ubuntu/workspace/core/infos.php on line 38
[05-Dec-2018 20:55:50 UTC] PHP Stack trace:
[05-Dec-2018 20:55:50 UTC] PHP   1. {main}() /home/ubuntu/workspace/core/infos.php:0
[05-Dec-2018 20:55:50 UTC] PHP   2. getinfo() /home/ubuntu/workspace/core/infos.php:76
[05-Dec-2018 20:55:50 UTC] PHP Warning:  Division by zero in /home/ubuntu/workspace/core/infos.php on line 59
[05-Dec-2018 20:55:50 UTC] PHP Stack trace:
[05-Dec-2018 20:55:50 UTC] PHP   1. {main}() /home/ubuntu/workspace/core/infos.php:0
[05-Dec-2018 20:55:50 UTC] PHP   2. getinfo() /home/ubuntu/workspace/core/infos.php:76
[05-Dec-2018 20:55:50 UTC] PHP Warning:  Division by zero in /home/ubuntu/workspace/core/infos.php on line 65
[05-Dec-2018 20:55:50 UTC] PHP Stack trace:
[05-Dec-2018 20:55:50 UTC] PHP   1. {main}() /home/ubuntu/workspace/core/infos.php:0
[05-Dec-2018 20:55:50 UTC] PHP   2. getinfo() /home/ubuntu/workspace/core/infos.php:76
[05-Dec-2018 20:55:50 UTC] PHP Warning:  Division by zero in /home/ubuntu/workspace/core/infos.php on line 71
[05-Dec-2018 20:55:50 UTC] PHP Stack trace:
[05-Dec-2018 20:55:50 UTC] PHP   1. {main}() /home/ubuntu/workspace/core/infos.php:0
[05-Dec-2018 20:55:50 UTC] PHP   2. getinfo() /home/ubuntu/workspace/core/infos.php:76
[05-Dec-2018 20:56:07 UTC] PHP Warning:  Creating default object from empty value in /home/ubuntu/workspace/core/infos.php on line 42
[05-Dec-2018 20:56:07 UTC] PHP Stack trace:
[05-Dec-2018 20:56:07 UTC] PHP   1. {main}() /home/ubuntu/workspace/core/infos.php:0
[05-Dec-2018 20:56:07 UTC] PHP   2. getinfo() /home/ubuntu/workspace/core/infos.php:80
[05-Dec-2018 20:56:07 UTC] PHP Warning:  Division by zero in /home/ubuntu/workspace/core/infos.php on line 63
[05-Dec-2018 20:56:07 UTC] PHP Stack trace:
[05-Dec-2018 20:56:07 UTC] PHP   1. {main}() /home/ubuntu/workspace/core/infos.php:0
[05-Dec-2018 20:56:07 UTC] PHP   2. getinfo() /home/ubuntu/workspace/core/infos.php:80
[05-Dec-2018 20:56:07 UTC] PHP Warning:  Division by zero in /home/ubuntu/workspace/core/infos.php on line 69
[05-Dec-2018 20:56:07 UTC] PHP Stack trace:
[05-Dec-2018 20:56:07 UTC] PHP   1. {main}() /home/ubuntu/workspace/core/infos.php:0
[05-Dec-2018 20:56:07 UTC] PHP   2. getinfo() /home/ubuntu/workspace/core/infos.php:80
[05-Dec-2018 20:56:07 UTC] PHP Warning:  Division by zero in /home/ubuntu/workspace/core/infos.php on line 75
[05-Dec-2018 20:56:07 UTC] PHP Stack trace:
[05-Dec-2018 20:56:07 UTC] PHP   1. {main}() /home/ubuntu/workspace/core/infos.php:0
[05-Dec-2018 20:56:07 UTC] PHP   2. getinfo() /home/ubuntu/workspace/core/infos.php:80
[05-Dec-2018 20:56:37 UTC] PHP Warning:  Creating default object from empty value in /home/ubuntu/workspace/core/infos.php on line 42
[05-Dec-2018 20:56:37 UTC] PHP Stack trace:
[05-Dec-2018 20:56:37 UTC] PHP   1. {main}() /home/ubuntu/workspace/core/infos.php:0
[05-Dec-2018 20:56:37 UTC] PHP   2. getinfo() /home/ubuntu/workspace/core/infos.php:80
[05-Dec-2018 20:56:37 UTC] PHP Warning:  Division by zero in /home/ubuntu/workspace/core/infos.php on line 63
[05-Dec-2018 20:56:37 UTC] PHP Stack trace:
[05-Dec-2018 20:56:37 UTC] PHP   1. {main}() /home/ubuntu/workspace/core/infos.php:0
[05-Dec-2018 20:56:37 UTC] PHP   2. getinfo() /home/ubuntu/workspace/core/infos.php:80
[05-Dec-2018 20:56:37 UTC] PHP Warning:  Division by zero in /home/ubuntu/workspace/core/infos.php on line 69
[05-Dec-2018 20:56:37 UTC] PHP Stack trace:
[05-Dec-2018 20:56:37 UTC] PHP   1. {main}() /home/ubuntu/workspace/core/infos.php:0
[05-Dec-2018 20:56:37 UTC] PHP   2. getinfo() /home/ubuntu/workspace/core/infos.php:80
[05-Dec-2018 20:56:37 UTC] PHP Warning:  Division by zero in /home/ubuntu/workspace/core/infos.php on line 75
[05-Dec-2018 20:56:37 UTC] PHP Stack trace:
[05-Dec-2018 20:56:37 UTC] PHP   1. {main}() /home/ubuntu/workspace/core/infos.php:0
[05-Dec-2018 20:56:37 UTC] PHP   2. getinfo() /home/ubuntu/workspace/core/infos.php:80
[05-Dec-2018 20:57:47 UTC] PHP Parse error:  syntax error, unexpected '$timecalc' (T_VARIABLE) in /home/ubuntu/workspace/core/infos.php on line 56
[05-Dec-2018 20:58:00 UTC] PHP Warning:  Creating default object from empty value in /home/ubuntu/workspace/core/infos.php on line 42
[05-Dec-2018 20:58:00 UTC] PHP Stack trace:
[05-Dec-2018 20:58:00 UTC] PHP   1. {main}() /home/ubuntu/workspace/core/infos.php:0
[05-Dec-2018 20:58:00 UTC] PHP   2. getinfo() /home/ubuntu/workspace/core/infos.php:86
[05-Dec-2018 20:58:00 UTC] PHP Warning:  Division by zero in /home/ubuntu/workspace/core/infos.php on line 69
[05-Dec-2018 20:58:00 UTC] PHP Stack trace:
[05-Dec-2018 20:58:00 UTC] PHP   1. {main}() /home/ubuntu/workspace/core/infos.php:0
[05-Dec-2018 20:58:00 UTC] PHP   2. getinfo() /home/ubuntu/workspace/core/infos.php:86
[05-Dec-2018 20:58:00 UTC] PHP Warning:  Division by zero in /home/ubuntu/workspace/core/infos.php on line 75
[05-Dec-2018 20:58:00 UTC] PHP Stack trace:
[05-Dec-2018 20:58:00 UTC] PHP   1. {main}() /home/ubuntu/workspace/core/infos.php:0
[05-Dec-2018 20:58:00 UTC] PHP   2. getinfo() /home/ubuntu/workspace/core/infos.php:86
[05-Dec-2018 20:58:00 UTC] PHP Warning:  Division by zero in /home/ubuntu/workspace/core/infos.php on line 81
[05-Dec-2018 20:58:00 UTC] PHP Stack trace:
[05-Dec-2018 20:58:00 UTC] PHP   1. {main}() /home/ubuntu/workspace/core/infos.php:0
[05-Dec-2018 20:58:00 UTC] PHP   2. getinfo() /home/ubuntu/workspace/core/infos.php:86
[05-Dec-2018 20:58:46 UTC] PHP Warning:  Creating default object from empty value in /home/ubuntu/workspace/core/infos.php on line 42
[05-Dec-2018 20:58:46 UTC] PHP Stack trace:
[05-Dec-2018 20:58:46 UTC] PHP   1. {main}() /home/ubuntu/workspace/core/infos.php:0
[05-Dec-2018 20:58:46 UTC] PHP   2. getinfo() /home/ubuntu/workspace/core/infos.php:87
[05-Dec-2018 20:58:46 UTC] PHP Warning:  Division by zero in /home/ubuntu/workspace/core/infos.php on line 70
[05-Dec-2018 20:58:46 UTC] PHP Stack trace:
[05-Dec-2018 20:58:46 UTC] PHP   1. {main}() /home/ubuntu/workspace/core/infos.php:0
[05-Dec-2018 20:58:46 UTC] PHP   2. getinfo() /home/ubuntu/workspace/core/infos.php:87
[05-Dec-2018 20:58:46 UTC] PHP Warning:  Division by zero in /home/ubuntu/workspace/core/infos.php on line 76
[05-Dec-2018 20:58:46 UTC] PHP Stack trace:
[05-Dec-2018 20:58:46 UTC] PHP   1. {main}() /home/ubuntu/workspace/core/infos.php:0
[05-Dec-2018 20:58:46 UTC] PHP   2. getinfo() /home/ubuntu/workspace/core/infos.php:87
[05-Dec-2018 20:58:46 UTC] PHP Warning:  Division by zero in /home/ubuntu/workspace/core/infos.php on line 82
[05-Dec-2018 20:58:46 UTC] PHP Stack trace:
[05-Dec-2018 20:58:46 UTC] PHP   1. {main}() /home/ubuntu/workspace/core/infos.php:0
[05-Dec-2018 20:58:46 UTC] PHP   2. getinfo() /home/ubuntu/workspace/core/infos.php:87
[05-Dec-2018 20:59:07 UTC] PHP Warning:  Creating default object from empty value in /home/ubuntu/workspace/core/infos.php on line 42
[05-Dec-2018 20:59:07 UTC] PHP Stack trace:
[05-Dec-2018 20:59:07 UTC] PHP   1. {main}() /home/ubuntu/workspace/core/infos.php:0
[05-Dec-2018 20:59:07 UTC] PHP   2. getinfo() /home/ubuntu/workspace/core/infos.php:87
[05-Dec-2018 20:59:07 UTC] PHP Warning:  Division by zero in /home/ubuntu/workspace/core/infos.php on line 70
[05-Dec-2018 20:59:07 UTC] PHP Stack trace:
[05-Dec-2018 20:59:07 UTC] PHP   1. {main}() /home/ubuntu/workspace/core/infos.php:0
[05-Dec-2018 20:59:07 UTC] PHP   2. getinfo() /home/ubuntu/workspace/core/infos.php:87
[05-Dec-2018 20:59:07 UTC] PHP Warning:  Division by zero in /home/ubuntu/workspace/core/infos.php on line 76
[05-Dec-2018 20:59:07 UTC] PHP Stack trace:
[05-Dec-2018 20:59:07 UTC] PHP   1. {main}() /home/ubuntu/workspace/core/infos.php:0
[05-Dec-2018 20:59:07 UTC] PHP   2. getinfo() /home/ubuntu/workspace/core/infos.php:87
[05-Dec-2018 20:59:07 UTC] PHP Warning:  Division by zero in /home/ubuntu/workspace/core/infos.php on line 82
[05-Dec-2018 20:59:07 UTC] PHP Stack trace:
[05-Dec-2018 20:59:07 UTC] PHP   1. {main}() /home/ubuntu/workspace/core/infos.php:0
[05-Dec-2018 20:59:07 UTC] PHP   2. getinfo() /home/ubuntu/workspace/core/infos.php:87
[05-Dec-2018 20:59:43 UTC] PHP Warning:  Creating default object from empty value in /home/ubuntu/workspace/core/infos.php on line 42
[05-Dec-2018 20:59:43 UTC] PHP Stack trace:
[05-Dec-2018 20:59:43 UTC] PHP   1. {main}() /home/ubuntu/workspace/core/infos.php:0
[05-Dec-2018 20:59:43 UTC] PHP   2. getinfo() /home/ubuntu/workspace/core/infos.php:87
[05-Dec-2018 20:59:43 UTC] PHP Warning:  Division by zero in /home/ubuntu/workspace/core/infos.php on line 70
[05-Dec-2018 20:59:43 UTC] PHP Stack trace:
[05-Dec-2018 20:59:43 UTC] PHP   1. {main}() /home/ubuntu/workspace/core/infos.php:0
[05-Dec-2018 20:59:43 UTC] PHP   2. getinfo() /home/ubuntu/workspace/core/infos.php:87
[05-Dec-2018 20:59:43 UTC] PHP Warning:  Division by zero in /home/ubuntu/workspace/core/infos.php on line 76
[05-Dec-2018 20:59:43 UTC] PHP Stack trace:
[05-Dec-2018 20:59:43 UTC] PHP   1. {main}() /home/ubuntu/workspace/core/infos.php:0
[05-Dec-2018 20:59:43 UTC] PHP   2. getinfo() /home/ubuntu/workspace/core/infos.php:87
[05-Dec-2018 20:59:43 UTC] PHP Warning:  Division by zero in /home/ubuntu/workspace/core/infos.php on line 82
[05-Dec-2018 20:59:43 UTC] PHP Stack trace:
[05-Dec-2018 20:59:43 UTC] PHP   1. {main}() /home/ubuntu/workspace/core/infos.php:0
[05-Dec-2018 20:59:43 UTC] PHP   2. getinfo() /home/ubuntu/workspace/core/infos.php:87
[05-Dec-2018 21:01:51 UTC] PHP Warning:  Creating default object from empty value in /home/ubuntu/workspace/core/infos.php on line 44
[05-Dec-2018 21:01:51 UTC] PHP Stack trace:
[05-Dec-2018 21:01:51 UTC] PHP   1. {main}() /home/ubuntu/workspace/core/infos.php:0
[05-Dec-2018 21:01:51 UTC] PHP   2. getinfo() /home/ubuntu/workspace/core/infos.php:89
[05-Dec-2018 21:01:51 UTC] PHP Warning:  Division by zero in /home/ubuntu/workspace/core/infos.php on line 72
[05-Dec-2018 21:01:51 UTC] PHP Stack trace:
[05-Dec-2018 21:01:51 UTC] PHP   1. {main}() /home/ubuntu/workspace/core/infos.php:0
[05-Dec-2018 21:01:51 UTC] PHP   2. getinfo() /home/ubuntu/workspace/core/infos.php:89
[05-Dec-2018 21:01:51 UTC] PHP Warning:  Division by zero in /home/ubuntu/workspace/core/infos.php on line 78
[05-Dec-2018 21:01:51 UTC] PHP Stack trace:
[05-Dec-2018 21:01:51 UTC] PHP   1. {main}() /home/ubuntu/workspace/core/infos.php:0
[05-Dec-2018 21:01:51 UTC] PHP   2. getinfo() /home/ubuntu/workspace/core/infos.php:89
[05-Dec-2018 21:01:51 UTC] PHP Warning:  Division by zero in /home/ubuntu/workspace/core/infos.php on line 84
[05-Dec-2018 21:01:51 UTC] PHP Stack trace:
[05-Dec-2018 21:01:51 UTC] PHP   1. {main}() /home/ubuntu/workspace/core/infos.php:0
[05-Dec-2018 21:01:51 UTC] PHP   2. getinfo() /home/ubuntu/workspace/core/infos.php:89
[05-Dec-2018 21:02:39 UTC] PHP Warning:  Creating default object from empty value in /home/ubuntu/workspace/core/infos.php on line 44
[05-Dec-2018 21:02:39 UTC] PHP Stack trace:
[05-Dec-2018 21:02:39 UTC] PHP   1. {main}() /home/ubuntu/workspace/core/infos.php:0
[05-Dec-2018 21:02:39 UTC] PHP   2. getinfo() /home/ubuntu/workspace/core/infos.php:84
[05-Dec-2018 21:02:39 UTC] PHP Warning:  Division by zero in /home/ubuntu/workspace/core/infos.php on line 67
[05-Dec-2018 21:02:39 UTC] PHP Stack trace:
[05-Dec-2018 21:02:39 UTC] PHP   1. {main}() /home/ubuntu/workspace/core/infos.php:0
[05-Dec-2018 21:02:39 UTC] PHP   2. getinfo() /home/ubuntu/workspace/core/infos.php:84
[05-Dec-2018 21:02:39 UTC] PHP Warning:  Division by zero in /home/ubuntu/workspace/core/infos.php on line 73
[05-Dec-2018 21:02:39 UTC] PHP Stack trace:
[05-Dec-2018 21:02:39 UTC] PHP   1. {main}() /home/ubuntu/workspace/core/infos.php:0
[05-Dec-2018 21:02:39 UTC] PHP   2. getinfo() /home/ubuntu/workspace/core/infos.php:84
[05-Dec-2018 21:02:39 UTC] PHP Warning:  Division by zero in /home/ubuntu/workspace/core/infos.php on line 79
[05-Dec-2018 21:02:39 UTC] PHP Stack trace:
[05-Dec-2018 21:02:39 UTC] PHP   1. {main}() /home/ubuntu/workspace/core/infos.php:0
[05-Dec-2018 21:02:39 UTC] PHP   2. getinfo() /home/ubuntu/workspace/core/infos.php:84
[05-Dec-2018 21:02:39 UTC] PHP Fatal error:  Cannot access empty property in /home/ubuntu/workspace/core/infos.php on line 86
[05-Dec-2018 21:02:39 UTC] PHP Stack trace:
[05-Dec-2018 21:02:39 UTC] PHP   1. {main}() /home/ubuntu/workspace/core/infos.php:0
[05-Dec-2018 21:03:29 UTC] PHP Warning:  Creating default object from empty value in /home/ubuntu/workspace/core/infos.php on line 44
[05-Dec-2018 21:03:29 UTC] PHP Stack trace:
[05-Dec-2018 21:03:29 UTC] PHP   1. {main}() /home/ubuntu/workspace/core/infos.php:0
[05-Dec-2018 21:03:29 UTC] PHP   2. getinfo() /home/ubuntu/workspace/core/infos.php:84
[05-Dec-2018 21:03:29 UTC] PHP Warning:  Division by zero in /home/ubuntu/workspace/core/infos.php on line 67
[05-Dec-2018 21:03:29 UTC] PHP Stack trace:
[05-Dec-2018 21:03:29 UTC] PHP   1. {main}() /home/ubuntu/workspace/core/infos.php:0
[05-Dec-2018 21:03:29 UTC] PHP   2. getinfo() /home/ubuntu/workspace/core/infos.php:84
[05-Dec-2018 21:03:29 UTC] PHP Warning:  Division by zero in /home/ubuntu/workspace/core/infos.php on line 73
[05-Dec-2018 21:03:29 UTC] PHP Stack trace:
[05-Dec-2018 21:03:29 UTC] PHP   1. {main}() /home/ubuntu/workspace/core/infos.php:0
[05-Dec-2018 21:03:29 UTC] PHP   2. getinfo() /home/ubuntu/workspace/core/infos.php:84
[05-Dec-2018 21:03:29 UTC] PHP Warning:  Division by zero in /home/ubuntu/workspace/core/infos.php on line 79
[05-Dec-2018 21:03:29 UTC] PHP Stack trace:
[05-Dec-2018 21:03:29 UTC] PHP   1. {main}() /home/ubuntu/workspace/core/infos.php:0
[05-Dec-2018 21:03:29 UTC] PHP   2. getinfo() /home/ubuntu/workspace/core/infos.php:84
[05-Dec-2018 21:03:29 UTC] PHP Fatal error:  Cannot access empty property in /home/ubuntu/workspace/core/infos.php on line 86
[05-Dec-2018 21:03:29 UTC] PHP Stack trace:
[05-Dec-2018 21:03:29 UTC] PHP   1. {main}() /home/ubuntu/workspace/core/infos.php:0
[05-Dec-2018 21:04:06 UTC] PHP Warning:  Creating default object from empty value in /home/ubuntu/workspace/core/infos.php on line 44
[05-Dec-2018 21:04:06 UTC] PHP Stack trace:
[05-Dec-2018 21:04:06 UTC] PHP   1. {main}() /home/ubuntu/workspace/core/infos.php:0
[05-Dec-2018 21:04:06 UTC] PHP   2. getinfo() /home/ubuntu/workspace/core/infos.php:84
[05-Dec-2018 21:04:06 UTC] PHP Warning:  Division by zero in /home/ubuntu/workspace/core/infos.php on line 67
[05-Dec-2018 21:04:06 UTC] PHP Stack trace:
[05-Dec-2018 21:04:06 UTC] PHP   1. {main}() /home/ubuntu/workspace/core/infos.php:0
[05-Dec-2018 21:04:06 UTC] PHP   2. getinfo() /home/ubuntu/workspace/core/infos.php:84
[05-Dec-2018 21:04:06 UTC] PHP Warning:  Division by zero in /home/ubuntu/workspace/core/infos.php on line 73
[05-Dec-2018 21:04:06 UTC] PHP Stack trace:
[05-Dec-2018 21:04:06 UTC] PHP   1. {main}() /home/ubuntu/workspace/core/infos.php:0
[05-Dec-2018 21:04:06 UTC] PHP   2. getinfo() /home/ubuntu/workspace/core/infos.php:84
[05-Dec-2018 21:04:06 UTC] PHP Warning:  Division by zero in /home/ubuntu/workspace/core/infos.php on line 79
[05-Dec-2018 21:04:06 UTC] PHP Stack trace:
[05-Dec-2018 21:04:06 UTC] PHP   1. {main}() /home/ubuntu/workspace/core/infos.php:0
[05-Dec-2018 21:04:06 UTC] PHP   2. getinfo() /home/ubuntu/workspace/core/infos.php:84
[05-Dec-2018 21:04:06 UTC] PHP Fatal error:  Cannot access empty property in /home/ubuntu/workspace/core/infos.php on line 86
[05-Dec-2018 21:04:06 UTC] PHP Stack trace:
[05-Dec-2018 21:04:06 UTC] PHP   1. {main}() /home/ubuntu/workspace/core/infos.php:0
[05-Dec-2018 21:04:34 UTC] PHP Warning:  Creating default object from empty value in /home/ubuntu/workspace/core/infos.php on line 44
[05-Dec-2018 21:04:34 UTC] PHP Stack trace:
[05-Dec-2018 21:04:34 UTC] PHP   1. {main}() /home/ubuntu/workspace/core/infos.php:0
[05-Dec-2018 21:04:34 UTC] PHP   2. getinfo() /home/ubuntu/workspace/core/infos.php:84
[05-Dec-2018 21:04:34 UTC] PHP Warning:  Division by zero in /home/ubuntu/workspace/core/infos.php on line 67
[05-Dec-2018 21:04:34 UTC] PHP Stack trace:
[05-Dec-2018 21:04:34 UTC] PHP   1. {main}() /home/ubuntu/workspace/core/infos.php:0
[05-Dec-2018 21:04:34 UTC] PHP   2. getinfo() /home/ubuntu/workspace/core/infos.php:84
[05-Dec-2018 21:04:34 UTC] PHP Warning:  Division by zero in /home/ubuntu/workspace/core/infos.php on line 73
[05-Dec-2018 21:04:34 UTC] PHP Stack trace:
[05-Dec-2018 21:04:34 UTC] PHP   1. {main}() /home/ubuntu/workspace/core/infos.php:0
[05-Dec-2018 21:04:34 UTC] PHP   2. getinfo() /home/ubuntu/workspace/core/infos.php:84
[05-Dec-2018 21:04:34 UTC] PHP Warning:  Division by zero in /home/ubuntu/workspace/core/infos.php on line 79
[05-Dec-2018 21:04:34 UTC] PHP Stack trace:
[05-Dec-2018 21:04:34 UTC] PHP   1. {main}() /home/ubuntu/workspace/core/infos.php:0
[05-Dec-2018 21:04:34 UTC] PHP   2. getinfo() /home/ubuntu/workspace/core/infos.php:84
[05-Dec-2018 21:06:32 UTC] PHP Warning:  Creating default object from empty value in /home/ubuntu/workspace/core/infos.php on line 44
[05-Dec-2018 21:06:32 UTC] PHP Stack trace:
[05-Dec-2018 21:06:32 UTC] PHP   1. {main}() /home/ubuntu/workspace/core/infos.php:0
[05-Dec-2018 21:06:32 UTC] PHP   2. getinfo() /home/ubuntu/workspace/core/infos.php:84
[05-Dec-2018 21:06:32 UTC] PHP Warning:  Division by zero in /home/ubuntu/workspace/core/infos.php on line 67
[05-Dec-2018 21:06:32 UTC] PHP Stack trace:
[05-Dec-2018 21:06:32 UTC] PHP   1. {main}() /home/ubuntu/workspace/core/infos.php:0
[05-Dec-2018 21:06:32 UTC] PHP   2. getinfo() /home/ubuntu/workspace/core/infos.php:84
[05-Dec-2018 21:06:32 UTC] PHP Warning:  Division by zero in /home/ubuntu/workspace/core/infos.php on line 73
[05-Dec-2018 21:06:32 UTC] PHP Stack trace:
[05-Dec-2018 21:06:32 UTC] PHP   1. {main}() /home/ubuntu/workspace/core/infos.php:0
[05-Dec-2018 21:06:32 UTC] PHP   2. getinfo() /home/ubuntu/workspace/core/infos.php:84
[05-Dec-2018 21:06:32 UTC] PHP Warning:  Division by zero in /home/ubuntu/workspace/core/infos.php on line 79
[05-Dec-2018 21:06:32 UTC] PHP Stack trace:
[05-Dec-2018 21:06:32 UTC] PHP   1. {main}() /home/ubuntu/workspace/core/infos.php:0
[05-Dec-2018 21:06:32 UTC] PHP   2. getinfo() /home/ubuntu/workspace/core/infos.php:84
[05-Dec-2018 21:06:35 UTC] PHP Warning:  Creating default object from empty value in /home/ubuntu/workspace/core/infos.php on line 44
[05-Dec-2018 21:06:35 UTC] PHP Stack trace:
[05-Dec-2018 21:06:35 UTC] PHP   1. {main}() /home/ubuntu/workspace/core/infos.php:0
[05-Dec-2018 21:06:35 UTC] PHP   2. getinfo() /home/ubuntu/workspace/core/infos.php:84
[05-Dec-2018 21:06:35 UTC] PHP Warning:  Division by zero in /home/ubuntu/workspace/core/infos.php on line 67
[05-Dec-2018 21:06:35 UTC] PHP Stack trace:
[05-Dec-2018 21:06:35 UTC] PHP   1. {main}() /home/ubuntu/workspace/core/infos.php:0
[05-Dec-2018 21:06:35 UTC] PHP   2. getinfo() /home/ubuntu/workspace/core/infos.php:84
[05-Dec-2018 21:06:35 UTC] PHP Warning:  Division by zero in /home/ubuntu/workspace/core/infos.php on line 73
[05-Dec-2018 21:06:35 UTC] PHP Stack trace:
[05-Dec-2018 21:06:35 UTC] PHP   1. {main}() /home/ubuntu/workspace/core/infos.php:0
[05-Dec-2018 21:06:35 UTC] PHP   2. getinfo() /home/ubuntu/workspace/core/infos.php:84
[05-Dec-2018 21:06:35 UTC] PHP Warning:  Division by zero in /home/ubuntu/workspace/core/infos.php on line 79
[05-Dec-2018 21:06:35 UTC] PHP Stack trace:
[05-Dec-2018 21:06:35 UTC] PHP   1. {main}() /home/ubuntu/workspace/core/infos.php:0
[05-Dec-2018 21:06:35 UTC] PHP   2. getinfo() /home/ubuntu/workspace/core/infos.php:84
[05-Dec-2018 21:06:37 UTC] PHP Warning:  Creating default object from empty value in /home/ubuntu/workspace/core/infos.php on line 44
[05-Dec-2018 21:06:37 UTC] PHP Stack trace:
[05-Dec-2018 21:06:37 UTC] PHP   1. {main}() /home/ubuntu/workspace/core/infos.php:0
[05-Dec-2018 21:06:37 UTC] PHP   2. getinfo() /home/ubuntu/workspace/core/infos.php:84
[05-Dec-2018 21:06:37 UTC] PHP Warning:  Division by zero in /home/ubuntu/workspace/core/infos.php on line 67
[05-Dec-2018 21:06:37 UTC] PHP Stack trace:
[05-Dec-2018 21:06:37 UTC] PHP   1. {main}() /home/ubuntu/workspace/core/infos.php:0
[05-Dec-2018 21:06:37 UTC] PHP   2. getinfo() /home/ubuntu/workspace/core/infos.php:84
[05-Dec-2018 21:06:37 UTC] PHP Warning:  Division by zero in /home/ubuntu/workspace/core/infos.php on line 73
[05-Dec-2018 21:06:37 UTC] PHP Stack trace:
[05-Dec-2018 21:06:37 UTC] PHP   1. {main}() /home/ubuntu/workspace/core/infos.php:0
[05-Dec-2018 21:06:37 UTC] PHP   2. getinfo() /home/ubuntu/workspace/core/infos.php:84
[05-Dec-2018 21:06:37 UTC] PHP Warning:  Division by zero in /home/ubuntu/workspace/core/infos.php on line 79
[05-Dec-2018 21:06:37 UTC] PHP Stack trace:
[05-Dec-2018 21:06:37 UTC] PHP   1. {main}() /home/ubuntu/workspace/core/infos.php:0
[05-Dec-2018 21:06:37 UTC] PHP   2. getinfo() /home/ubuntu/workspace/core/infos.php:84
[05-Dec-2018 21:06:44 UTC] PHP Warning:  Creating default object from empty value in /home/ubuntu/workspace/core/infos.php on line 44
[05-Dec-2018 21:06:44 UTC] PHP Stack trace:
[05-Dec-2018 21:06:44 UTC] PHP   1. {main}() /home/ubuntu/workspace/core/infos.php:0
[05-Dec-2018 21:06:44 UTC] PHP   2. getinfo() /home/ubuntu/workspace/core/infos.php:84
[05-Dec-2018 21:06:44 UTC] PHP Fatal error:  Cannot access empty property in /home/ubuntu/workspace/core/infos.php on line 44
[05-Dec-2018 21:06:44 UTC] PHP Stack trace:
[05-Dec-2018 21:06:44 UTC] PHP   1. {main}() /home/ubuntu/workspace/core/infos.php:0
[05-Dec-2018 21:06:44 UTC] PHP   2. getinfo() /home/ubuntu/workspace/core/infos.php:84
[05-Dec-2018 21:06:56 UTC] PHP Warning:  Creating default object from empty value in /home/ubuntu/workspace/core/infos.php on line 44
[05-Dec-2018 21:06:56 UTC] PHP Stack trace:
[05-Dec-2018 21:06:56 UTC] PHP   1. {main}() /home/ubuntu/workspace/core/infos.php:0
[05-Dec-2018 21:06:56 UTC] PHP   2. getinfo() /home/ubuntu/workspace/core/infos.php:84
[05-Dec-2018 21:06:56 UTC] PHP Fatal error:  Cannot access empty property in /home/ubuntu/workspace/core/infos.php on line 44
[05-Dec-2018 21:06:56 UTC] PHP Stack trace:
[05-Dec-2018 21:06:56 UTC] PHP   1. {main}() /home/ubuntu/workspace/core/infos.php:0
[05-Dec-2018 21:06:56 UTC] PHP   2. getinfo() /home/ubuntu/workspace/core/infos.php:84
[05-Dec-2018 21:07:25 UTC] PHP Warning:  Creating default object from empty value in /home/ubuntu/workspace/core/infos.php on line 42
[05-Dec-2018 21:07:25 UTC] PHP Stack trace:
[05-Dec-2018 21:07:25 UTC] PHP   1. {main}() /home/ubuntu/workspace/core/infos.php:0
[05-Dec-2018 21:07:25 UTC] PHP   2. getinfo() /home/ubuntu/workspace/core/infos.php:80
[05-Dec-2018 21:07:25 UTC] PHP Fatal error:  Cannot access empty property in /home/ubuntu/workspace/core/infos.php on line 42
[05-Dec-2018 21:07:25 UTC] PHP Stack trace:
[05-Dec-2018 21:07:25 UTC] PHP   1. {main}() /home/ubuntu/workspace/core/infos.php:0
[05-Dec-2018 21:07:25 UTC] PHP   2. getinfo() /home/ubuntu/workspace/core/infos.php:80
[05-Dec-2018 21:07:54 UTC] PHP Warning:  Creating default object from empty value in /home/ubuntu/workspace/core/infos.php on line 43
[05-Dec-2018 21:07:54 UTC] PHP Stack trace:
[05-Dec-2018 21:07:54 UTC] PHP   1. {main}() /home/ubuntu/workspace/core/infos.php:0
[05-Dec-2018 21:07:54 UTC] PHP   2. getinfo() /home/ubuntu/workspace/core/infos.php:81
[05-Dec-2018 21:07:54 UTC] PHP Fatal error:  Cannot access empty property in /home/ubuntu/workspace/core/infos.php on line 43
[05-Dec-2018 21:07:54 UTC] PHP Stack trace:
[05-Dec-2018 21:07:54 UTC] PHP   1. {main}() /home/ubuntu/workspace/core/infos.php:0
[05-Dec-2018 21:07:54 UTC] PHP   2. getinfo() /home/ubuntu/workspace/core/infos.php:81
[05-Dec-2018 21:08:52 UTC] PHP Fatal error:  Cannot access empty property in /home/ubuntu/workspace/core/infos.php on line 43
[05-Dec-2018 21:08:52 UTC] PHP Stack trace:
[05-Dec-2018 21:08:52 UTC] PHP   1. {main}() /home/ubuntu/workspace/core/infos.php:0
[05-Dec-2018 21:08:52 UTC] PHP   2. getinfo() /home/ubuntu/workspace/core/infos.php:81
[05-Dec-2018 21:09:02 UTC] PHP Fatal error:  Cannot access empty property in /home/ubuntu/workspace/core/infos.php on line 44
[05-Dec-2018 21:09:02 UTC] PHP Stack trace:
[05-Dec-2018 21:09:02 UTC] PHP   1. {main}() /home/ubuntu/workspace/core/infos.php:0
[05-Dec-2018 21:09:02 UTC] PHP   2. getinfo() /home/ubuntu/workspace/core/infos.php:81
[05-Dec-2018 21:09:37 UTC] PHP Warning:  Division by zero in /home/ubuntu/workspace/core/infos.php on line 64
[05-Dec-2018 21:09:37 UTC] PHP Stack trace:
[05-Dec-2018 21:09:37 UTC] PHP   1. {main}() /home/ubuntu/workspace/core/infos.php:0
[05-Dec-2018 21:09:37 UTC] PHP   2. getinfo() /home/ubuntu/workspace/core/infos.php:81
[05-Dec-2018 21:09:37 UTC] PHP Warning:  Division by zero in /home/ubuntu/workspace/core/infos.php on line 70
[05-Dec-2018 21:09:37 UTC] PHP Stack trace:
[05-Dec-2018 21:09:37 UTC] PHP   1. {main}() /home/ubuntu/workspace/core/infos.php:0
[05-Dec-2018 21:09:37 UTC] PHP   2. getinfo() /home/ubuntu/workspace/core/infos.php:81
[05-Dec-2018 21:09:37 UTC] PHP Warning:  Division by zero in /home/ubuntu/workspace/core/infos.php on line 76
[05-Dec-2018 21:09:37 UTC] PHP Stack trace:
[05-Dec-2018 21:09:37 UTC] PHP   1. {main}() /home/ubuntu/workspace/core/infos.php:0
[05-Dec-2018 21:09:37 UTC] PHP   2. getinfo() /home/ubuntu/workspace/core/infos.php:81
[05-Dec-2018 21:11:25 UTC] PHP Warning:  Division by zero in /home/ubuntu/workspace/core/infos.php on line 67
[05-Dec-2018 21:11:25 UTC] PHP Stack trace:
[05-Dec-2018 21:11:25 UTC] PHP   1. {main}() /home/ubuntu/workspace/core/infos.php:0
[05-Dec-2018 21:11:25 UTC] PHP   2. getinfo() /home/ubuntu/workspace/core/infos.php:84
[05-Dec-2018 21:11:25 UTC] PHP Warning:  Division by zero in /home/ubuntu/workspace/core/infos.php on line 73
[05-Dec-2018 21:11:25 UTC] PHP Stack trace:
[05-Dec-2018 21:11:25 UTC] PHP   1. {main}() /home/ubuntu/workspace/core/infos.php:0
[05-Dec-2018 21:11:25 UTC] PHP   2. getinfo() /home/ubuntu/workspace/core/infos.php:84
[05-Dec-2018 21:11:25 UTC] PHP Warning:  Division by zero in /home/ubuntu/workspace/core/infos.php on line 79
[05-Dec-2018 21:11:25 UTC] PHP Stack trace:
[05-Dec-2018 21:11:25 UTC] PHP   1. {main}() /home/ubuntu/workspace/core/infos.php:0
[05-Dec-2018 21:11:25 UTC] PHP   2. getinfo() /home/ubuntu/workspace/core/infos.php:84
[05-Dec-2018 21:13:12 UTC] PHP Warning:  Division by zero in /home/ubuntu/workspace/core/infos.php on line 68
[05-Dec-2018 21:13:12 UTC] PHP Stack trace:
[05-Dec-2018 21:13:12 UTC] PHP   1. {main}() /home/ubuntu/workspace/core/infos.php:0
[05-Dec-2018 21:13:12 UTC] PHP   2. getinfo() /home/ubuntu/workspace/core/infos.php:85
[05-Dec-2018 21:13:12 UTC] PHP Warning:  Division by zero in /home/ubuntu/workspace/core/infos.php on line 74
[05-Dec-2018 21:13:12 UTC] PHP Stack trace:
[05-Dec-2018 21:13:12 UTC] PHP   1. {main}() /home/ubuntu/workspace/core/infos.php:0
[05-Dec-2018 21:13:12 UTC] PHP   2. getinfo() /home/ubuntu/workspace/core/infos.php:85
[05-Dec-2018 21:13:12 UTC] PHP Warning:  Division by zero in /home/ubuntu/workspace/core/infos.php on line 80
[05-Dec-2018 21:13:12 UTC] PHP Stack trace:
[05-Dec-2018 21:13:12 UTC] PHP   1. {main}() /home/ubuntu/workspace/core/infos.php:0
[05-Dec-2018 21:13:12 UTC] PHP   2. getinfo() /home/ubuntu/workspace/core/infos.php:85
[05-Dec-2018 21:13:50 UTC] PHP Warning:  Division by zero in /home/ubuntu/workspace/core/infos.php on line 73
[05-Dec-2018 21:13:50 UTC] PHP Stack trace:
[05-Dec-2018 21:13:50 UTC] PHP   1. {main}() /home/ubuntu/workspace/core/infos.php:0
[05-Dec-2018 21:13:50 UTC] PHP   2. getinfo() /home/ubuntu/workspace/core/infos.php:84
[05-Dec-2018 21:13:50 UTC] PHP Warning:  Division by zero in /home/ubuntu/workspace/core/infos.php on line 79
[05-Dec-2018 21:13:50 UTC] PHP Stack trace:
[05-Dec-2018 21:13:50 UTC] PHP   1. {main}() /home/ubuntu/workspace/core/infos.php:0
[05-Dec-2018 21:13:50 UTC] PHP   2. getinfo() /home/ubuntu/workspace/core/infos.php:84
[05-Dec-2018 21:14:22 UTC] PHP Warning:  Division by zero in /home/ubuntu/workspace/core/infos.php on line 73
[05-Dec-2018 21:14:22 UTC] PHP Stack trace:
[05-Dec-2018 21:14:22 UTC] PHP   1. {main}() /home/ubuntu/workspace/core/infos.php:0
[05-Dec-2018 21:14:22 UTC] PHP   2. getinfo() /home/ubuntu/workspace/core/infos.php:84
[05-Dec-2018 21:14:22 UTC] PHP Warning:  Division by zero in /home/ubuntu/workspace/core/infos.php on line 79
[05-Dec-2018 21:14:22 UTC] PHP Stack trace:
[05-Dec-2018 21:14:22 UTC] PHP   1. {main}() /home/ubuntu/workspace/core/infos.php:0
[05-Dec-2018 21:14:22 UTC] PHP   2. getinfo() /home/ubuntu/workspace/core/infos.php:84
[05-Dec-2018 21:14:36 UTC] PHP Warning:  Division by zero in /home/ubuntu/workspace/core/infos.php on line 79
[05-Dec-2018 21:14:36 UTC] PHP Stack trace:
[05-Dec-2018 21:14:36 UTC] PHP   1. {main}() /home/ubuntu/workspace/core/infos.php:0
[05-Dec-2018 21:14:36 UTC] PHP   2. getinfo() /home/ubuntu/workspace/core/infos.php:84
[05-Dec-2018 21:23:30 UTC] PHP Warning:  Division by zero in /home/ubuntu/workspace/core/infos.php on line 67
[05-Dec-2018 21:23:30 UTC] PHP Stack trace:
[05-Dec-2018 21:23:30 UTC] PHP   1. {main}() /home/ubuntu/workspace/steamauth/steamauth.php:0
[05-Dec-2018 21:23:30 UTC] PHP   2. getinfo() /home/ubuntu/workspace/steamauth/steamauth.php:37
[05-Dec-2018 21:23:30 UTC] PHP Warning:  Division by zero in /home/ubuntu/workspace/core/infos.php on line 73
[05-Dec-2018 21:23:30 UTC] PHP Stack trace:
[05-Dec-2018 21:23:30 UTC] PHP   1. {main}() /home/ubuntu/workspace/steamauth/steamauth.php:0
[05-Dec-2018 21:23:30 UTC] PHP   2. getinfo() /home/ubuntu/workspace/steamauth/steamauth.php:37
[05-Dec-2018 21:23:30 UTC] PHP Warning:  Division by zero in /home/ubuntu/workspace/core/infos.php on line 79
[05-Dec-2018 21:23:30 UTC] PHP Stack trace:
[05-Dec-2018 21:23:30 UTC] PHP   1. {main}() /home/ubuntu/workspace/steamauth/steamauth.php:0
[05-Dec-2018 21:23:30 UTC] PHP   2. getinfo() /home/ubuntu/workspace/steamauth/steamauth.php:37
[05-Dec-2018 21:23:30 UTC] PHP Warning:  Division by zero in /home/ubuntu/workspace/core/infos.php on line 85
[05-Dec-2018 21:23:30 UTC] PHP Stack trace:
[05-Dec-2018 21:23:30 UTC] PHP   1. {main}() /home/ubuntu/workspace/steamauth/steamauth.php:0
[05-Dec-2018 21:23:30 UTC] PHP   2. getinfo() /home/ubuntu/workspace/steamauth/steamauth.php:37
[05-Dec-2018 21:31:06 UTC] PHP Fatal error:  Cannot access empty property in /home/ubuntu/workspace/core/infos.php on line 90
[05-Dec-2018 21:31:06 UTC] PHP Stack trace:
[05-Dec-2018 21:31:06 UTC] PHP   1. {main}() /home/ubuntu/workspace/core/infos.php:0
[05-Dec-2018 21:52:41 UTC] PHP Warning:  include_once(core/infos.php): failed to open stream: No such file or directory in /home/ubuntu/workspace/steamauth/steamauth.php on line 3
[05-Dec-2018 21:52:41 UTC] PHP Stack trace:
[05-Dec-2018 21:52:41 UTC] PHP   1. {main}() /home/ubuntu/workspace/steamauth/steamauth.php:0
[05-Dec-2018 21:52:41 UTC] PHP Warning:  include_once(): Failed opening 'core/infos.php' for inclusion (include_path='.:/usr/share/php:/usr/share/pear') in /home/ubuntu/workspace/steamauth/steamauth.php on line 3
[05-Dec-2018 21:52:41 UTC] PHP Stack trace:
[05-Dec-2018 21:52:41 UTC] PHP   1. {main}() /home/ubuntu/workspace/steamauth/steamauth.php:0
[05-Dec-2018 21:52:41 UTC] PHP Fatal error:  Call to undefined function getinfo() in /home/ubuntu/workspace/steamauth/steamauth.php on line 4
[05-Dec-2018 21:52:41 UTC] PHP Stack trace:
[05-Dec-2018 21:52:41 UTC] PHP   1. {main}() /home/ubuntu/workspace/steamauth/steamauth.php:0
[05-Dec-2018 21:55:13 UTC] PHP Warning:  include_once(core/infos.php): failed to open stream: No such file or directory in /home/ubuntu/workspace/steamauth/steamauth.php on line 3
[05-Dec-2018 21:55:13 UTC] PHP Stack trace:
[05-Dec-2018 21:55:13 UTC] PHP   1. {main}() /home/ubuntu/workspace/steamauth/steamauth.php:0
[05-Dec-2018 21:55:13 UTC] PHP Warning:  include_once(): Failed opening 'core/infos.php' for inclusion (include_path='.:/usr/share/php:/usr/share/pear') in /home/ubuntu/workspace/steamauth/steamauth.php on line 3
[05-Dec-2018 21:55:13 UTC] PHP Stack trace:
[05-Dec-2018 21:55:13 UTC] PHP   1. {main}() /home/ubuntu/workspace/steamauth/steamauth.php:0
[05-Dec-2018 21:55:17 UTC] PHP Warning:  include_once(core/infos.php): failed to open stream: No such file or directory in /home/ubuntu/workspace/steamauth/steamauth.php on line 3
[05-Dec-2018 21:55:17 UTC] PHP Stack trace:
[05-Dec-2018 21:55:17 UTC] PHP   1. {main}() /home/ubuntu/workspace/steamauth/steamauth.php:0
[05-Dec-2018 21:55:17 UTC] PHP Warning:  include_once(): Failed opening 'core/infos.php' for inclusion (include_path='.:/usr/share/php:/usr/share/pear') in /home/ubuntu/workspace/steamauth/steamauth.php on line 3
[05-Dec-2018 21:55:17 UTC] PHP Stack trace:
[05-Dec-2018 21:55:17 UTC] PHP   1. {main}() /home/ubuntu/workspace/steamauth/steamauth.php:0
[05-Dec-2018 21:55:18 UTC] PHP Fatal error:  Call to undefined function getinfo() in /home/ubuntu/workspace/steamauth/steamauth.php on line 37
[05-Dec-2018 21:55:18 UTC] PHP Stack trace:
[05-Dec-2018 21:55:18 UTC] PHP   1. {main}() /home/ubuntu/workspace/steamauth/steamauth.php:0
[05-Dec-2018 22:40:19 UTC] PHP Fatal error:  Call to undefined function estr_split_unicode() in /home/ubuntu/workspace/core/steamurlconverter.php on line 3
[05-Dec-2018 22:40:19 UTC] PHP Stack trace:
[05-Dec-2018 22:40:19 UTC] PHP   1. {main}() /home/ubuntu/workspace/core/steamurlconverter.php:0
[05-Dec-2018 22:40:37 UTC] PHP Fatal error:  Call to undefined function str_split_unicode() in /home/ubuntu/workspace/core/steamurlconverter.php on line 3
[05-Dec-2018 22:40:37 UTC] PHP Stack trace:
[05-Dec-2018 22:40:37 UTC] PHP   1. {main}() /home/ubuntu/workspace/core/steamurlconverter.php:0
[05-Dec-2018 22:54:00 UTC] PHP Fatal error:  Call to undefined function getplayer() in /home/ubuntu/workspace/core/steamurlconverter.php on line 13
[05-Dec-2018 22:54:00 UTC] PHP Stack trace:
[05-Dec-2018 22:54:00 UTC] PHP   1. {main}() /home/ubuntu/workspace/core/steamurlconverter.php:0
[05-Dec-2018 22:54:35 UTC] PHP Warning:  Creating default object from empty value in /home/ubuntu/workspace/core/infos.php on line 101
[05-Dec-2018 22:54:35 UTC] PHP Stack trace:
[05-Dec-2018 22:54:35 UTC] PHP   1. {main}() /home/ubuntu/workspace/core/steamurlconverter.php:0
[05-Dec-2018 22:54:35 UTC] PHP   2. getplayer() /home/ubuntu/workspace/core/steamurlconverter.php:14
[05-Dec-2018 22:54:35 UTC] PHP Warning:  Division by zero in /home/ubuntu/workspace/core/infos.php on line 122
[05-Dec-2018 22:54:35 UTC] PHP Stack trace:
[05-Dec-2018 22:54:35 UTC] PHP   1. {main}() /home/ubuntu/workspace/core/steamurlconverter.php:0
[05-Dec-2018 22:54:35 UTC] PHP   2. getplayer() /home/ubuntu/workspace/core/steamurlconverter.php:14
[05-Dec-2018 22:54:35 UTC] PHP Warning:  Division by zero in /home/ubuntu/workspace/core/infos.php on line 128
[05-Dec-2018 22:54:35 UTC] PHP Stack trace:
[05-Dec-2018 22:54:35 UTC] PHP   1. {main}() /home/ubuntu/workspace/core/steamurlconverter.php:0
[05-Dec-2018 22:54:35 UTC] PHP   2. getplayer() /home/ubuntu/workspace/core/steamurlconverter.php:14
[05-Dec-2018 22:54:35 UTC] PHP Warning:  Division by zero in /home/ubuntu/workspace/core/infos.php on line 134
[05-Dec-2018 22:54:35 UTC] PHP Stack trace:
[05-Dec-2018 22:54:35 UTC] PHP   1. {main}() /home/ubuntu/workspace/core/steamurlconverter.php:0
[05-Dec-2018 22:54:35 UTC] PHP   2. getplayer() /home/ubuntu/workspace/core/steamurlconverter.php:14
[05-Dec-2018 22:54:35 UTC] PHP Warning:  Division by zero in /home/ubuntu/workspace/core/infos.php on line 140
[05-Dec-2018 22:54:35 UTC] PHP Stack trace:
[05-Dec-2018 22:54:35 UTC] PHP   1. {main}() /home/ubuntu/workspace/core/steamurlconverter.php:0
[05-Dec-2018 22:54:35 UTC] PHP   2. getplayer() /home/ubuntu/workspace/core/steamurlconverter.php:14
[05-Dec-2018 22:55:34 UTC] PHP Warning:  Division by zero in /home/ubuntu/workspace/core/infos.php on line 122
[05-Dec-2018 22:55:34 UTC] PHP Stack trace:
[05-Dec-2018 22:55:34 UTC] PHP   1. {main}() /home/ubuntu/workspace/core/steamurlconverter.php:0
[05-Dec-2018 22:55:34 UTC] PHP   2. getplayer() /home/ubuntu/workspace/core/steamurlconverter.php:14
[05-Dec-2018 22:55:34 UTC] PHP Warning:  Division by zero in /home/ubuntu/workspace/core/infos.php on line 128
[05-Dec-2018 22:55:34 UTC] PHP Stack trace:
[05-Dec-2018 22:55:34 UTC] PHP   1. {main}() /home/ubuntu/workspace/core/steamurlconverter.php:0
[05-Dec-2018 22:55:34 UTC] PHP   2. getplayer() /home/ubuntu/workspace/core/steamurlconverter.php:14
[05-Dec-2018 22:55:34 UTC] PHP Warning:  Division by zero in /home/ubuntu/workspace/core/infos.php on line 134
[05-Dec-2018 22:55:34 UTC] PHP Stack trace:
[05-Dec-2018 22:55:34 UTC] PHP   1. {main}() /home/ubuntu/workspace/core/steamurlconverter.php:0
[05-Dec-2018 22:55:34 UTC] PHP   2. getplayer() /home/ubuntu/workspace/core/steamurlconverter.php:14
[05-Dec-2018 22:55:34 UTC] PHP Warning:  Division by zero in /home/ubuntu/workspace/core/infos.php on line 140
[05-Dec-2018 22:55:34 UTC] PHP Stack trace:
[05-Dec-2018 22:55:34 UTC] PHP   1. {main}() /home/ubuntu/workspace/core/steamurlconverter.php:0
[05-Dec-2018 22:55:34 UTC] PHP   2. getplayer() /home/ubuntu/workspace/core/steamurlconverter.php:14
[05-Dec-2018 22:59:46 UTC] PHP Fatal error:  Call to undefined function getplayer() in /home/ubuntu/workspace/core/steamurlconverter.php on line 16
[05-Dec-2018 22:59:46 UTC] PHP Stack trace:
[05-Dec-2018 22:59:46 UTC] PHP   1. {main}() /home/ubuntu/workspace/core/steamurlconverter.php:0
[05-Dec-2018 22:59:48 UTC] PHP Fatal error:  Call to undefined function getplayer() in /home/ubuntu/workspace/core/steamurlconverter.php on line 16
[05-Dec-2018 22:59:48 UTC] PHP Stack trace:
[05-Dec-2018 22:59:48 UTC] PHP   1. {main}() /home/ubuntu/workspace/core/steamurlconverter.php:0
[05-Dec-2018 23:00:10 UTC] PHP Warning:  file_get_contents(): Filename cannot be empty in /home/ubuntu/workspace/core/steamurlconverter.php on line 13
[05-Dec-2018 23:00:10 UTC] PHP Stack trace:
[05-Dec-2018 23:00:10 UTC] PHP   1. {main}() /home/ubuntu/workspace/core/steamurlconverter.php:0
[05-Dec-2018 23:00:10 UTC] PHP   2. file_get_contents() /home/ubuntu/workspace/core/steamurlconverter.php:13
[05-Dec-2018 23:02:25 UTC] PHP Fatal error:  Call to undefined function getuser() in /home/ubuntu/workspace/core/steamurlconverter.php on line 17
[05-Dec-2018 23:02:25 UTC] PHP Stack trace:
[05-Dec-2018 23:02:25 UTC] PHP   1. {main}() /home/ubuntu/workspace/core/steamurlconverter.php:0
[05-Dec-2018 23:15:58 UTC] PHP Warning:  file_get_contents(http://api.steampowered.com/ISteamUser/ResolveVanityURL/v0001/?key=2F2E73F9FD52FFCC1FD91853A1C90980&vanityurl=&format=JSON): failed to open stream: HTTP request failed! HTTP/1.0 400 Bad Request
 in /home/ubuntu/workspace/core/steamurlconverter.php on line 14
[05-Dec-2018 23:15:58 UTC] PHP Stack trace:
[05-Dec-2018 23:15:58 UTC] PHP   1. {main}() /home/ubuntu/workspace/core/steamurlconverter.php:0
[05-Dec-2018 23:15:58 UTC] PHP   2. file_get_contents() /home/ubuntu/workspace/core/steamurlconverter.php:14
[05-Dec-2018 23:16:36 UTC] PHP Warning:  file_get_contents(http://api.steampowered.com/ISteamUser/ResolveVanityURL/v0001/?key=2F2E73F9FD52FFCC1FD91853A1C90980&vanityurl=&format=JSON): failed to open stream: HTTP request failed! HTTP/1.0 400 Bad Request
 in /home/ubuntu/workspace/core/steamurlconverter.php on line 14
[05-Dec-2018 23:16:36 UTC] PHP Stack trace:
[05-Dec-2018 23:16:36 UTC] PHP   1. {main}() /home/ubuntu/workspace/core/steamurlconverter.php:0
[05-Dec-2018 23:16:36 UTC] PHP   2. file_get_contents() /home/ubuntu/workspace/core/steamurlconverter.php:14
[05-Dec-2018 23:19:32 UTC] PHP Warning:  file_get_contents(http://api.steampowered.com/ISteamUser/ResolveVanityURL/v0001/?key=2F2E73F9FD52FFCC1FD91853A1C90980&vanityurl=&format=JSON): failed to open stream: HTTP request failed! HTTP/1.0 400 Bad Request
 in /home/ubuntu/workspace/core/steamurlconverter.php on line 14
[05-Dec-2018 23:19:32 UTC] PHP Stack trace:
[05-Dec-2018 23:19:32 UTC] PHP   1. {main}() /home/ubuntu/workspace/core/steamurlconverter.php:0
[05-Dec-2018 23:19:32 UTC] PHP   2. file_get_contents() /home/ubuntu/workspace/core/steamurlconverter.php:14
[05-Dec-2018 23:19:40 UTC] PHP Warning:  file_get_contents(http://api.steampowered.com/ISteamUser/ResolveVanityURL/v0001/?key=2F2E73F9FD52FFCC1FD91853A1C90980&vanityurl=&format=JSON): failed to open stream: HTTP request failed! HTTP/1.0 400 Bad Request
 in /home/ubuntu/workspace/core/steamurlconverter.php on line 14
[05-Dec-2018 23:19:40 UTC] PHP Stack trace:
[05-Dec-2018 23:19:40 UTC] PHP   1. {main}() /home/ubuntu/workspace/core/steamurlconverter.php:0
[05-Dec-2018 23:19:40 UTC] PHP   2. file_get_contents() /home/ubuntu/workspace/core/steamurlconverter.php:14
[05-Dec-2018 23:19:50 UTC] PHP Warning:  file_get_contents(http://api.steampowered.com/ISteamUser/ResolveVanityURL/v0001/?key=2F2E73F9FD52FFCC1FD91853A1C90980&vanityurl=&format=JSON): failed to open stream: HTTP request failed! HTTP/1.0 400 Bad Request
 in /home/ubuntu/workspace/core/steamurlconverter.php on line 14
[05-Dec-2018 23:19:50 UTC] PHP Stack trace:
[05-Dec-2018 23:19:50 UTC] PHP   1. {main}() /home/ubuntu/workspace/core/steamurlconverter.php:0
[05-Dec-2018 23:19:50 UTC] PHP   2. file_get_contents() /home/ubuntu/workspace/core/steamurlconverter.php:14
[05-Dec-2018 23:20:01 UTC] PHP Warning:  file_get_contents(http://api.steampowered.com/ISteamUser/ResolveVanityURL/v0001/?key=2F2E73F9FD52FFCC1FD91853A1C90980&vanityurl=&format=JSON): failed to open stream: HTTP request failed! HTTP/1.0 400 Bad Request
 in /home/ubuntu/workspace/core/steamurlconverter.php on line 14
[05-Dec-2018 23:20:01 UTC] PHP Stack trace:
[05-Dec-2018 23:20:01 UTC] PHP   1. {main}() /home/ubuntu/workspace/core/steamurlconverter.php:0
[05-Dec-2018 23:20:01 UTC] PHP   2. file_get_contents() /home/ubuntu/workspace/core/steamurlconverter.php:14
[05-Dec-2018 23:21:21 UTC] PHP Warning:  file_get_contents(http://api.steampowered.com/ISteamUser/ResolveVanityURL/v0001/?key=2F2E73F9FD52FFCC1FD91853A1C90980&vanityurl=&format=JSON): failed to open stream: HTTP request failed! HTTP/1.0 400 Bad Request
 in /home/ubuntu/workspace/core/steamurlconverter.php on line 14
[05-Dec-2018 23:21:21 UTC] PHP Stack trace:
[05-Dec-2018 23:21:21 UTC] PHP   1. {main}() /home/ubuntu/workspace/core/steamurlconverter.php:0
[05-Dec-2018 23:21:21 UTC] PHP   2. file_get_contents() /home/ubuntu/workspace/core/steamurlconverter.php:14
[05-Dec-2018 23:22:15 UTC] PHP Warning:  file_get_contents(http://api.steampowered.com/ISteamUser/ResolveVanityURL/v0001/?key=2F2E73F9FD52FFCC1FD91853A1C90980&vanityurl=&format=JSON): failed to open stream: HTTP request failed! HTTP/1.0 400 Bad Request
 in /home/ubuntu/workspace/core/steamurlconverter.php on line 14
[05-Dec-2018 23:22:15 UTC] PHP Stack trace:
[05-Dec-2018 23:22:15 UTC] PHP   1. {main}() /home/ubuntu/workspace/core/steamurlconverter.php:0
[05-Dec-2018 23:22:15 UTC] PHP   2. file_get_contents() /home/ubuntu/workspace/core/steamurlconverter.php:14
[05-Dec-2018 23:28:01 UTC] PHP Warning:  file_get_contents(http://api.steampowered.com/ISteamUser/ResolveVanityURL/v0001/?key=2F2E73F9FD52FFCC1FD91853A1C90980&vanityurl=&format=JSON): failed to open stream: HTTP request failed! HTTP/1.0 400 Bad Request
 in /home/ubuntu/workspace/core/steamurlconverter.php on line 14
[05-Dec-2018 23:28:01 UTC] PHP Stack trace:
[05-Dec-2018 23:28:01 UTC] PHP   1. {main}() /home/ubuntu/workspace/core/steamurlconverter.php:0
[05-Dec-2018 23:28:01 UTC] PHP   2. file_get_contents() /home/ubuntu/workspace/core/steamurlconverter.php:14
[05-Dec-2018 23:31:08 UTC] PHP Warning:  file_get_contents(http://api.steampowered.com/ISteamUser/ResolveVanityURL/v0001/?key=2F2E73F9FD52FFCC1FD91853A1C90980&vanityurl=&format=JSON): failed to open stream: HTTP request failed! HTTP/1.0 400 Bad Request
 in /home/ubuntu/workspace/core/steamurlconverter.php on line 14
[05-Dec-2018 23:31:08 UTC] PHP Stack trace:
[05-Dec-2018 23:31:08 UTC] PHP   1. {main}() /home/ubuntu/workspace/core/steamurlconverter.php:0
[05-Dec-2018 23:31:08 UTC] PHP   2. file_get_contents() /home/ubuntu/workspace/core/steamurlconverter.php:14
[05-Dec-2018 23:31:34 UTC] PHP Warning:  file_get_contents(http://api.steampowered.com/ISteamUser/ResolveVanityURL/v0001/?key=2F2E73F9FD52FFCC1FD91853A1C90980&vanityurl=&format=JSON): failed to open stream: HTTP request failed! HTTP/1.0 400 Bad Request
 in /home/ubuntu/workspace/core/steamurlconverter.php on line 14
[05-Dec-2018 23:31:34 UTC] PHP Stack trace:
[05-Dec-2018 23:31:34 UTC] PHP   1. {main}() /home/ubuntu/workspace/core/steamurlconverter.php:0
[05-Dec-2018 23:31:34 UTC] PHP   2. file_get_contents() /home/ubuntu/workspace/core/steamurlconverter.php:14
[05-Dec-2018 23:43:10 UTC] PHP Warning:  file_get_contents(http://api.steampowered.com/ISteamUser/ResolveVanityURL/v0001/?key=2F2E73F9FD52FFCC1FD91853A1C90980&vanityurl=&format=JSON): failed to open stream: HTTP request failed! HTTP/1.0 400 Bad Request
 in /home/ubuntu/workspace/core/steamurlconverter.php on line 14
[05-Dec-2018 23:43:10 UTC] PHP Stack trace:
[05-Dec-2018 23:43:10 UTC] PHP   1. {main}() /home/ubuntu/workspace/core/steamurlconverter.php:0
[05-Dec-2018 23:43:10 UTC] PHP   2. file_get_contents() /home/ubuntu/workspace/core/steamurlconverter.php:14
[05-Dec-2018 23:43:32 UTC] PHP Warning:  file_get_contents(http://api.steampowered.com/ISteamUser/ResolveVanityURL/v0001/?key=2F2E73F9FD52FFCC1FD91853A1C90980&vanityurl=&format=JSON): failed to open stream: HTTP request failed! HTTP/1.0 400 Bad Request
 in /home/ubuntu/workspace/core/steamurlconverter.php on line 14
[05-Dec-2018 23:43:32 UTC] PHP Stack trace:
[05-Dec-2018 23:43:32 UTC] PHP   1. {main}() /home/ubuntu/workspace/core/steamurlconverter.php:0
[05-Dec-2018 23:43:32 UTC] PHP   2. file_get_contents() /home/ubuntu/workspace/core/steamurlconverter.php:14
[06-Dec-2018 14:53:53 UTC] PHP Warning:  file_get_contents(http://api.steampowered.com/ISteamUser/ResolveVanityURL/v0001/?key=2F2E73F9FD52FFCC1FD91853A1C90980&vanityurl=&format=JSON): failed to open stream: HTTP request failed! HTTP/1.0 400 Bad Request
 in /home/ubuntu/workspace/core/steamurlconverter.php on line 14
[06-Dec-2018 14:53:53 UTC] PHP Stack trace:
[06-Dec-2018 14:53:53 UTC] PHP   1. {main}() /home/ubuntu/workspace/core/steamurlconverter.php:0
[06-Dec-2018 14:53:53 UTC] PHP   2. file_get_contents() /home/ubuntu/workspace/core/steamurlconverter.php:14
[08-Dec-2018 12:42:20 UTC] PHP Parse error:  syntax error, unexpected end of file in /home/ubuntu/workspace/core/steamurlconverter.php on line 49
[08-Dec-2018 12:51:44 UTC] PHP Parse error:  syntax error, unexpected '}' in /home/ubuntu/workspace/core/steamurlconverter.php on line 23
[08-Dec-2018 12:52:19 UTC] PHP Parse error:  syntax error, unexpected '}' in /home/ubuntu/workspace/core/steamurlconverter.php on line 33
[08-Dec-2018 12:52:47 UTC] PHP Parse error:  syntax error, unexpected '}' in /home/ubuntu/workspace/core/steamurlconverter.php on line 34
[08-Dec-2018 12:52:49 UTC] PHP Parse error:  syntax error, unexpected '}' in /home/ubuntu/workspace/core/steamurlconverter.php on line 34
[08-Dec-2018 12:53:08 UTC] PHP Warning:  file_get_contents(http://api.steampowered.com/ISteamUser/ResolveVanityURL/v0001/?key=2F2E73F9FD52FFCC1FD91853A1C90980&vanityurl=&format=JSO): failed to open stream: HTTP request failed! HTTP/1.0 400 Bad Request
 in /home/ubuntu/workspace/core/steamurlconverter.php on line 32
[08-Dec-2018 12:53:08 UTC] PHP Stack trace:
[08-Dec-2018 12:53:08 UTC] PHP   1. {main}() /home/ubuntu/workspace/core/steamurlconverter.php:0
[08-Dec-2018 12:53:08 UTC] PHP   2. file_get_contents() /home/ubuntu/workspace/core/steamurlconverter.php:32
[08-Dec-2018 13:05:49 UTC] PHP Parse error:  syntax error, unexpected 'if' (T_IF) in /home/ubuntu/workspace/core/steamurlconverter.php on line 23
[08-Dec-2018 18:50:07 UTC] PHP Warning:  file_get_contents(http://api.steampowered.com/ISteamUser/ResolveVanityURL/v0001/?key=2F2E73F9FD52FFCC1FD91853A1C90980&vanityurl=&format=JSON): failed to open stream: HTTP request failed! HTTP/1.0 400 Bad Request
 in /home/ubuntu/workspace/core/steamurlconverter.php on line 31
[08-Dec-2018 18:50:07 UTC] PHP Stack trace:
[08-Dec-2018 18:50:07 UTC] PHP   1. {main}() /home/ubuntu/workspace/core/steamurlconverter.php:0
[08-Dec-2018 18:50:07 UTC] PHP   2. file_get_contents() /home/ubuntu/workspace/core/steamurlconverter.php:31
[09-Dec-2018 20:47:11 UTC] PHP Warning:  file_get_contents(http://api.steampowered.com/ISteamUser/ResolveVanityURL/v0001/?key=2F2E73F9FD52FFCC1FD91853A1C90980&vanityurl=&format=JSON): failed to open stream: HTTP request failed! HTTP/1.0 400 Bad Request
 in /home/ubuntu/workspace/core/compare.php on line 35
[09-Dec-2018 20:47:11 UTC] PHP Stack trace:
[09-Dec-2018 20:47:11 UTC] PHP   1. {main}() /home/ubuntu/workspace/core/compare.php:0
[09-Dec-2018 20:47:11 UTC] PHP   2. file_get_contents() /home/ubuntu/workspace/core/compare.php:35
[09-Dec-2018 20:47:21 UTC] PHP Warning:  file_get_contents(http://api.steampowered.com/ISteamUser/ResolveVanityURL/v0001/?key=2F2E73F9FD52FFCC1FD91853A1C90980&vanityurl=&format=JSON): failed to open stream: HTTP request failed! HTTP/1.0 400 Bad Request
 in /home/ubuntu/workspace/core/compare.php on line 35
[09-Dec-2018 20:47:21 UTC] PHP Stack trace:
[09-Dec-2018 20:47:21 UTC] PHP   1. {main}() /home/ubuntu/workspace/core/compare.php:0
[09-Dec-2018 20:47:21 UTC] PHP   2. file_get_contents() /home/ubuntu/workspace/core/compare.php:35
[09-Dec-2018 20:50:01 UTC] PHP Parse error:  syntax error, unexpected '}' in /home/ubuntu/workspace/core/compare.php on line 45
[09-Dec-2018 20:51:55 UTC] PHP Parse error:  syntax error, unexpected 'echo' (T_ECHO), expecting case (T_CASE) or default (T_DEFAULT) or '}' in /home/ubuntu/workspace/core/compare.php on line 30
